#
# A fatal error has been detected by the Java Runtime Environment:
#
#  EXCEPTION_ACCESS_VIOLATION (0xc0000005) at pc=0x000001e83fca4c88, pid=4616, tid=20344
#
# JRE version: OpenJDK Runtime Environment Temurin-22.0.1+8 (22.0.1+8) (build 22.0.1+8)
# Java VM: OpenJDK 64-Bit Server VM Temurin-22.0.1+8 (22.0.1+8, mixed mode, tiered, compressed oops, compressed class ptrs, g1 gc, windows-amd64)
# Problematic frame:
# j  java.lang.invoke.DirectMethodHandle$Holder.newInvokeSpecial(Ljava/lang/Object;)Ljava/lang/Object;+15 java.base@22.0.1
#
# No core dump will be written. Minidumps are not enabled by default on client versions of Windows
#
# If you would like to submit a bug report, please visit:
#   https://github.com/adoptium/adoptium-support/issues
#

---------------  S U M M A R Y ------------

Command Line: -XX:+ShowCodeDetailsInExceptionMessages -agentlib:jdwp=transport=dt_socket,suspend=y,address=localhost:59910 -javaagent:C:\Users\kj46573\eclipse\jee-2024-06\eclipse\configuration\org.eclipse.osgi\448\0\.cp\lib\javaagent-shaded.jar -Dfile.encoding=UTF-8 -Dstdout.encoding=UTF-8 -Dstderr.encoding=UTF-8 com.kj.yetanotherspringapp.YetAnotherSpringApplication

Host: AMD Ryzen 5 5600X 6-Core Processor             , 12 cores, 15G,  Windows 10 , 64 bit Build 19041 (10.0.19041.4597)
Time: Tue Aug 13 18:35:47 2024 Central European Daylight Time elapsed time: 34.384776 seconds (0d 0h 0m 34s)

---------------  T H R E A D  ---------------

Current thread (0x000001e8556a99a0):  JavaThread "restartedMain"        [_thread_in_Java, id=20344, stack(0x000000db60300000,0x000000db60400000) (1024K)]

Stack: [0x000000db60300000,0x000000db60400000],  sp=0x000000db603fc430,  free space=1009k
Native frames: (J=compiled Java code, j=interpreted, Vv=VM code, C=native code)
C  0x000001e83fca4c88  (no source info available)

The last pc belongs to invokestatic (printed below).

siginfo: EXCEPTION_ACCESS_VIOLATION (0xc0000005), reading address 0xffffffffffffffff


Registers:
RAX=0x000001e852197d58, RBX=0x000001e8514956c8, RCX=0x000001e8513e02e0, RDX=0x0000000000000002
RSP=0x000000db603fc430, RBP=0x000000db603fc488, RSI=0x000001e855dd3468, RDI=0x000001e85ba876c0
R8 =0x0000000000000004, R9 =0x0000000000000004, R10=0x00007ff81053fd80, R11=0x000001e8513dc010
R12=0x0000000000000000, R13=0xfffffffffffffff7, R14=0x000000db603fc4a8, R15=0x000001e8556a99a0
RIP=0x000001e83fca4c88, EFLAGS=0x0000000000010282


Register to memory mapping:

RAX=0x000001e852197d58 is pointing into metadata
RBX={method} {0x000001e8514956d0} 'linkToSpecial' '(Ljava/lang/Object;Ljava/lang/invoke/MemberName;)V' in 'java/lang/invoke/MethodHandle'
RCX=0x000001e8513e02e0 is pointing into metadata
RDX=0x0000000000000002 is an unknown value
RSP=0x000000db603fc430 is pointing into the stack for thread: 0x000001e8556a99a0
RBP=0x000000db603fc488 is pointing into the stack for thread: 0x000001e8556a99a0
RSI=0x000001e855dd3468 points into unknown readable memory: 0x0000000000000000 | 00 00 00 00 00 00 00 00
RDI=0x000001e85ba876c0 points into unknown readable memory: 0x0000001800000070 | 70 00 00 00 18 00 00 00
R8 =0x0000000000000004 is an unknown value
R9 =0x0000000000000004 is an unknown value
R10=0x00007ff81053fd80 jvm.dll
R11={method} {0x000001e8513dc018} 'newInvokeSpecial' '(Ljava/lang/Object;)Ljava/lang/Object;' in 'java/lang/invoke/DirectMethodHandle$Holder'
R12=0x0 is null
R13=0xfffffffffffffff7 is an unknown value
R14=0x000000db603fc4a8 is pointing into the stack for thread: 0x000001e8556a99a0
R15=0x000001e8556a99a0 is a thread

Top of Stack: (sp=0x000000db603fc430)
0x000000db603fc430:   000001e83fc891fa 00000007039b6080
0x000000db603fc440:   fffffffffffffff7 000001e8513dbfff
0x000000db603fc450:   0000000000000004 000001e8513e0b80
0x000000db603fc460:   000001e852197d50 00000007018dc588
0x000000db603fc470:   000001e8513dc010 0000000000000000
0x000000db603fc480:   000000db603fc4b0 000000db603fc848
0x000000db603fc490:   000001e838c6383a 00000007039b5fd8
0x000000db603fc4a0:   00000007039b6080 00000007039b6038
0x000000db603fc4b0:   000000db603fc530 000000db603fc530
0x000000db603fc4c0:   000001e83fc93041 000001e83fc88190
0x000000db603fc4d0:   000000db603fc580 000001e838aa324c
0x000000db603fc4e0:   000000db603fc580 00000007039b5c90
0x000000db603fc4f0:   000000070207ad48 00000007039b5dd8
0x000000db603fc500:   000001e8511a9248 0000000000000052
0x000000db603fc510:   000000db603fc580 000001e83fc8a4a7
0x000000db603fc520:   000000db603fc580 000001e83fc89727
0x000000db603fc530:   00000007039b6068 fffffffffffffff7
0x000000db603fc540:   000001e8511aaa2d 0000000000000005
0x000000db603fc550:   000001e8511ad3f0 00000007039b6068
0x000000db603fc560:   00000007039b5e30 000001e800000000
0x000000db603fc570:   0000000000000000 000000db603fc5b0
0x000000db603fc580:   000000db603fc848 000001e838fcbffc
0x000000db603fc590:   00000007039b5c90 000000070207ad48
0x000000db603fc5a0:   00000007039b5c90 0000000701b8f4c0
0x000000db603fc5b0:   0000000000000000 00000007039b6038
0x000000db603fc5c0:   000000db603fc848 000001e839008a34
0x000000db603fc5d0:   0000000000000000 0000000000000000
0x000000db603fc5e0:   0000000000000000 0000000000000000
0x000000db603fc5f0:   000001e8556a99a0 0000000000000000
0x000000db603fc600:   00000007039b5dd8 0000000000000000
0x000000db603fc610:   00000007039b5c90 00000007039b6068
0x000000db603fc620:   00000007039b5dd8 0000000000000000 

Instructions: (pc=0x000001e83fca4c88)
0x000001e83fca4b88:   ff d0 48 83 c4 20 ff e0 49 83 7f 08 00 0f 84 05
0x000001e83fca4b98:   00 00 00 e9 60 c3 fd ff 4c 8b 6d c0 4c 8b 75 c8
0x000001e83fca4ba8:   4e 8d 74 f5 00 c3 48 8b 4d d0 41 0f b7 55 01 48
0x000001e83fca4bb8:   8b 49 30 6b d2 18 48 8d 4c 11 08 48 8b 19 48 8b
0x000001e83fca4bc8:   5b 08 48 8b 5b 08 48 8b 5b 18 80 bb 20 01 00 00
0x000001e83fca4bd8:   05 0f 84 0d 00 00 00 4c 3b bb 30 01 00 00 0f 85
0x000001e83fca4be8:   63 fe ff ff 0f b6 51 15 48 8b 19 4c 89 6d c0 44
0x000001e83fca4bf8:   8b ea 0f b6 51 14 49 ba 80 fd 53 10 f8 7f 00 00
0x000001e83fca4c08:   49 8b 14 d2 52 41 8b d5 4c 8b 6d c0 48 8b 45 d8
0x000001e83fca4c18:   48 85 c0 0f 84 12 00 00 00 48 83 40 08 01 48 83
0x000001e83fca4c28:   58 08 00 48 83 c0 10 48 89 45 d8 48 8b 45 d8 48
0x000001e83fca4c38:   85 c0 0f 84 23 01 00 00 80 78 f0 0a 0f 85 19 01
0x000001e83fca4c48:   00 00 48 83 c0 08 4c 8b 68 f8 41 83 ed 00 41 83
0x000001e83fca4c58:   fd 02 0f 8c f8 00 00 00 4c 8b 6b 08 45 0f b7 6d
0x000001e83fca4c68:   2e 4c 2b 28 41 83 ed 01 4e 8b 6c ec 08 4d 85 ed
0x000001e83fca4c78:   75 0e f6 40 08 01 75 4b f0 48 83 48 08 01 eb 43
0x000001e83fca4c88:   45 8b 6d 08 4d 8b d5 4c 33 68 08 49 f7 c5 fc ff
0x000001e83fca4c98:   ff ff 74 2f 41 f6 c5 02 75 29 48 83 78 08 00 74
0x000001e83fca4ca8:   1e 48 83 78 08 01 74 17 4d 8b ea 4c 33 68 08 49
0x000001e83fca4cb8:   f7 c5 fc ff ff ff 74 0b 48 83 48 08 02 eb 04 4c
0x000001e83fca4cc8:   89 68 08 48 83 c0 10 4c 8b 68 e8 41 83 ed 02 41
0x000001e83fca4cd8:   83 fd 02 0f 8c 77 00 00 00 4c 8b 6b 08 45 0f b7
0x000001e83fca4ce8:   6d 2e 4c 2b 28 41 83 ed 01 4e 8b 6c ec 08 4d 85
0x000001e83fca4cf8:   ed 75 0e f6 40 08 01 75 4b f0 48 83 48 08 01 eb
0x000001e83fca4d08:   43 45 8b 6d 08 4d 8b d5 4c 33 68 08 49 f7 c5 fc
0x000001e83fca4d18:   ff ff ff 74 2f 41 f6 c5 02 75 29 48 83 78 08 00
0x000001e83fca4d28:   74 1e 48 83 78 08 01 74 17 4d 8b ea 4c 33 68 08
0x000001e83fca4d38:   49 f7 c5 fc ff ff ff 74 0b 48 83 48 08 02 eb 04
0x000001e83fca4d48:   4c 89 68 08 48 83 c0 10 4c 8b 68 d8 41 83 ed 04
0x000001e83fca4d58:   41 c1 e5 03 49 03 c5 48 89 45 d8 4c 8d 6c 24 08
0x000001e83fca4d68:   49 8b cd 48 2b cd 48 c1 f9 03 48 89 4d f0 41 80
0x000001e83fca4d78:   bf e8 05 00 00 00 74 03 ff 63 38 ff 63 50 66 90 


Stack slot to memory mapping:

stack at sp + 0 slots: 0x000001e83fc891fa is at code_begin+3450 in an Interpreter codelet
return entry points  [0x000001e83fc88480, 0x000001e83fc8a640]  8640 bytes
stack at sp + 1 slots: 0x00000007039b6080 is an oop: com.kj.yetanotherspringapp.service.JwtService 
{0x00000007039b6080} - klass: 'com/kj/yetanotherspringapp/service/JwtService'
 - ---- fields (total size 4 words):
 - private 'jwtSecret' 'Ljava/lang/String;' @12  "asdf"{0x00000007039b60a0} (0xe0736c14)
 - private 'expirationTime' 'J' @16  0 (0x0000000000000000)
 - private 'key' 'Ljavax/crypto/SecretKey;' @24  null (0x00000000)
stack at sp + 2 slots: 0xfffffffffffffff7 is an unknown value
stack at sp + 3 slots: 0x000001e8513dbfff is pointing into metadata
stack at sp + 4 slots: 0x0000000000000004 is an unknown value
stack at sp + 5 slots: 0x000001e8513e0b80 is pointing into metadata
stack at sp + 6 slots: 0x000001e852197d50 is pointing into metadata
stack at sp + 7 slots: 0x00000007018dc588 is an oop: java.lang.Class 
{0x00000007018dc588} - klass: 'java/lang/Class'
 - ---- fields (total size 14 words):
 - private volatile transient 'classRedefinedCount' 'I' @12  0 (0x00000000)
 - injected 'klass' 'J' @16  3070439984 (0x00000000b7033230)
 - injected 'array_klass' 'J' @24  0 (0x0000000000000000)
 - injected 'oop_size' 'I' @32  14 (0x0000000e)
 - injected 'static_oop_field_count' 'I' @36  0 (0x00000000)
 - private volatile transient 'cachedConstructor' 'Ljava/lang/reflect/Constructor;' @40  null (0x00000000)
 - private transient 'name' 'Ljava/lang/String;' @44  null (0x00000000)
 - private transient 'module' 'Ljava/lang/Module;' @48  a 'java/lang/Module'{0x00000007018d1a28} (0xe031a345)
 - private final 'classLoader' 'Ljava/lang/ClassLoader;' @52  null (0x00000000)
 - private transient 'classData' 'Ljava/lang/Object;' @56  null (0x00000000)
 - private transient 'packageName' 'Ljava/lang/String;' @60  null (0x00000000)
 - private final 'componentType' 'Ljava/lang/Class;' @64  null (0x00000000)
 - private volatile transient 'reflectionData' 'Ljava/lang/ref/SoftReference;' @68  null (0x00000000)
 - private volatile transient 'genericInfo' 'Lsun/reflect/generics/repository/ClassRepository;' @72  null (0x00000000)
 - private volatile transient 'enumConstants' '[Ljava/lang/Object;' @76  null (0x00000000)
 - private volatile transient 'enumConstantDirectory' 'Ljava/util/Map;' @80  null (0x00000000)
 - private volatile transient 'annotationData' 'Ljava/lang/Class$AnnotationData;' @84  null (0x00000000)
 - private volatile transient 'annotationType' 'Lsun/reflect/annotation/AnnotationType;' @88  null (0x00000000)
 - transient 'classValueMap' 'Ljava/lang/ClassValue$ClassValueMap;' @92  null (0x00000000)
 - injected 'protection_domain' 'Ljava/lang/Object;' @96  null (0x00000000)
 - injected 'signers_name' 'Ljava/lang/Object;' @100  null (0x00000000)
 - injected 'source_file' 'Ljava/lang/Object;' @104  null (0x00000000)
 - signature: Ljava/lang/invoke/DirectMethodHandle$Holder;
 - ---- static fields (0):

invokestatic  184 invokestatic  [0x000001e83fca4a00, 0x000001e83fca4d88]  904 bytes
[MachCode]
  0x000001e83fca4a00: 4883 ec08 | c5fa 1104 | 24eb 1f48 | 83ec 10c5 | fb11 0424 | eb14 4883 | ec10 4889 | 0424 48c7 
  0x000001e83fca4a20: 4424 0800 | 0000 00eb | 0150 488b | 4dd0 410f | b755 0148 | 8b49 306b | d218 488d | 4c11 080f 
  0x000001e83fca4a40: b659 1681 | fbb8 0000 | 000f 8474 | 0100 00bb | b800 0000 | e805 0000 | 00e9 5001 | 0000 488b 
  0x000001e83fca4a60: d348 8d44 | 2408 4c89 | 6dc0 498b | cfc5 f877 | 4989 afb0 | 0300 0049 | 8987 a003 | 0000 4883 
  0x000001e83fca4a80: ec20 40f6 | c40f 0f84 | 1900 0000 | 4883 ec08 | 48b8 a036 | c30f f87f | 0000 ffd0 | 4883 c408 
  0x000001e83fca4aa0: e90c 0000 | 0048 b8a0 | 36c3 0ff8 | 7f00 00ff | d048 83c4 | 2049 c787 | a003 0000 | 0000 0000 
  0x000001e83fca4ac0: 49c7 87b0 | 0300 0000 | 0000 0049 | c787 a803 | 0000 0000 | 0000 c5f8 | 7741 8b8f | 3405 0000 
  0x000001e83fca4ae0: f6c1 010f | 8442 0000 | 00f6 c102 | 0f85 3900 | 0000 4883 | ec20 40f6 | c40f 0f84 | 1900 0000 
  0x000001e83fca4b00: 4883 ec08 | 48b8 a0e0 | c20f f87f | 0000 ffd0 | 4883 c408 | e90c 0000 | 0048 b8a0 | e0c2 0ff8 
  0x000001e83fca4b20: 7f00 00ff | d048 83c4 | 20ff e049 | 8b8f e005 | 0000 4885 | c90f 8455 | 0000 008b | 899c 0000 
  0x000001e83fca4b40: 0083 f901 | 0f85 4600 | 0000 498b | 8fe0 0500 | 008b 89a0 | 0000 0048 | 83ec 2040 | f6c4 0f0f 
  0x000001e83fca4b60: 8419 0000 | 0048 83ec | 0848 b890 | e0c2 0ff8 | 7f00 00ff | d048 83c4 | 08e9 0c00 | 0000 48b8 
  0x000001e83fca4b80: 90e0 c20f | f87f 0000 | ffd0 4883 | c420 ffe0 | 4983 7f08 | 000f 8405 | 0000 00e9 | 60c3 fdff 
  0x000001e83fca4ba0: 4c8b 6dc0 | 4c8b 75c8 | 4e8d 74f5 | 00c3 488b | 4dd0 410f | b755 0148 | 8b49 306b | d218 488d 
  0x000001e83fca4bc0: 4c11 0848 | 8b19 488b | 5b08 488b | 5b08 488b | 5b18 80bb | 2001 0000 | 050f 840d | 0000 004c 
  0x000001e83fca4be0: 3bbb 3001 | 0000 0f85 | 63fe ffff | 0fb6 5115 | 488b 194c | 896d c044 | 8bea 0fb6 | 5114 49ba 
  0x000001e83fca4c00: 80fd 5310 | f87f 0000 | 498b 14d2 | 5241 8bd5 | 4c8b 6dc0 | 488b 45d8 | 4885 c00f | 8412 0000 
  0x000001e83fca4c20: 0048 8340 | 0801 4883 | 5808 0048 | 83c0 1048 | 8945 d848 | 8b45 d848 | 85c0 0f84 | 2301 0000 
  0x000001e83fca4c40: 8078 f00a | 0f85 1901 | 0000 4883 | c008 4c8b | 68f8 4183 | ed00 4183 | fd02 0f8c | f800 0000 
  0x000001e83fca4c60: 4c8b 6b08 | 450f b76d | 2e4c 2b28 | 4183 ed01 | 4e8b 6cec | 084d 85ed | 750e f640 | 0801 754b 
  0x000001e83fca4c80: f048 8348 | 0801 eb43 | 458b 6d08 | 4d8b d54c | 3368 0849 | f7c5 fcff | ffff 742f | 41f6 c502 
  0x000001e83fca4ca0: 7529 4883 | 7808 0074 | 1e48 8378 | 0801 7417 | 4d8b ea4c | 3368 0849 | f7c5 fcff | ffff 740b 
  0x000001e83fca4cc0: 4883 4808 | 02eb 044c | 8968 0848 | 83c0 104c | 8b68 e841 | 83ed 0241 | 83fd 020f | 8c77 0000 
  0x000001e83fca4ce0: 004c 8b6b | 0845 0fb7 | 6d2e 4c2b | 2841 83ed | 014e 8b6c | ec08 4d85 | ed75 0ef6 | 4008 0175 
  0x000001e83fca4d00: 4bf0 4883 | 4808 01eb | 4345 8b6d | 084d 8bd5 | 4c33 6808 | 49f7 c5fc | ffff ff74 | 2f41 f6c5 
  0x000001e83fca4d20: 0275 2948 | 8378 0800 | 741e 4883 | 7808 0174 | 174d 8bea | 4c33 6808 | 49f7 c5fc | ffff ff74 
  0x000001e83fca4d40: 0b48 8348 | 0802 eb04 | 4c89 6808 | 4883 c010 | 4c8b 68d8 | 4183 ed04 | 41c1 e503 | 4903 c548 
  0x000001e83fca4d60: 8945 d84c | 8d6c 2408 | 498b cd48 | 2bcd 48c1 | f903 4889 | 4df0 4180 | bfe8 0500 | 0000 7403 
  0x000001e83fca4d80: ff63 38ff | 6350 6690 
[/MachCode]

---------------  P R O C E S S  ---------------

Threads class SMR info:
_java_thread_list=0x000001e85b009b80, length=16, elements={
0x000001e8332893b0, 0x000001e85014bae0, 0x000001e85014c900, 0x000001e850196ee0,
0x000001e85016f1d0, 0x000001e85016fc30, 0x000001e85017aa10, 0x000001e85018be30,
0x000001e85018c4f0, 0x000001e8502bdc70, 0x000001e8504b74d0, 0x000001e850613f80,
0x000001e8505ee4e0, 0x000001e850dde7f0, 0x000001e855b7af60, 0x000001e8556a99a0
}

Java Threads: ( => current thread )
  0x000001e8332893b0 JavaThread "main"                              [_thread_blocked, id=9052, stack(0x000000db5e400000,0x000000db5e500000) (1024K)]
  0x000001e85014bae0 JavaThread "Reference Handler"          daemon [_thread_blocked, id=17716, stack(0x000000db5ec00000,0x000000db5ed00000) (1024K)]
  0x000001e85014c900 JavaThread "Finalizer"                  daemon [_thread_blocked, id=11260, stack(0x000000db5ed00000,0x000000db5ee00000) (1024K)]
  0x000001e850196ee0 JavaThread "Signal Dispatcher"          daemon [_thread_blocked, id=13280, stack(0x000000db5ee00000,0x000000db5ef00000) (1024K)]
  0x000001e85016f1d0 JavaThread "Attach Listener"            daemon [_thread_blocked, id=4224, stack(0x000000db5ef00000,0x000000db5f000000) (1024K)]
  0x000001e85016fc30 JavaThread "Service Thread"             daemon [_thread_blocked, id=8656, stack(0x000000db5f000000,0x000000db5f100000) (1024K)]
  0x000001e85017aa10 JavaThread "Monitor Deflation Thread"   daemon [_thread_blocked, id=3204, stack(0x000000db5f100000,0x000000db5f200000) (1024K)]
  0x000001e85018be30 JavaThread "C2 CompilerThread0"         daemon [_thread_blocked, id=16608, stack(0x000000db5f200000,0x000000db5f300000) (1024K)]
  0x000001e85018c4f0 JavaThread "C1 CompilerThread0"         daemon [_thread_blocked, id=11920, stack(0x000000db5f300000,0x000000db5f400000) (1024K)]
  0x000001e8502bdc70 JavaThread "Common-Cleaner"             daemon [_thread_blocked, id=7200, stack(0x000000db5f400000,0x000000db5f500000) (1024K)]
  0x000001e8504b74d0 JavaThread "JDWP Transport Listener: dt_socket" daemon [_thread_blocked, id=18888, stack(0x000000db5f500000,0x000000db5f600000) (1024K)]
  0x000001e850613f80 JavaThread "JDWP Event Helper Thread"   daemon [_thread_blocked, id=20248, stack(0x000000db5f600000,0x000000db5f700000) (1024K)]
  0x000001e8505ee4e0 JavaThread "JDWP Command Reader"        daemon [_thread_in_native, id=5696, stack(0x000000db5f700000,0x000000db5f800000) (1024K)]
  0x000001e850dde7f0 JavaThread "Notification Thread"        daemon [_thread_blocked, id=1332, stack(0x000000db5fa00000,0x000000db5fb00000) (1024K)]
  0x000001e855b7af60 JavaThread "Thread-0"                          [_thread_blocked, id=17312, stack(0x000000db60200000,0x000000db60300000) (1024K)]
=>0x000001e8556a99a0 JavaThread "restartedMain"                     [_thread_in_Java, id=20344, stack(0x000000db60300000,0x000000db60400000) (1024K)]
Total: 16

Other Threads:
  0x000001e850093a70 VMThread "VM Thread"                           [id=18012, stack(0x000000db5eb00000,0x000000db5ec00000) (1024K)] _threads_hazard_ptr=0x000001e85b009b80
  0x000001e85007e870 WatcherThread "VM Periodic Task Thread"        [id=19304, stack(0x000000db5ea00000,0x000000db5eb00000) (1024K)]
  0x000001e8334f7a80 WorkerThread "GC Thread#0"                     [id=17548, stack(0x000000db5e500000,0x000000db5e600000) (1024K)]
  0x000001e8557c7620 WorkerThread "GC Thread#1"                     [id=10496, stack(0x000000db5fb00000,0x000000db5fc00000) (1024K)]
  0x000001e8556a6cb0 WorkerThread "GC Thread#2"                     [id=18728, stack(0x000000db5fc00000,0x000000db5fd00000) (1024K)]
  0x000001e8556a7060 WorkerThread "GC Thread#3"                     [id=19144, stack(0x000000db5fd00000,0x000000db5fe00000) (1024K)]
  0x000001e8556a7410 WorkerThread "GC Thread#4"                     [id=19236, stack(0x000000db5fe00000,0x000000db5ff00000) (1024K)]
  0x000001e8553ad6c0 WorkerThread "GC Thread#5"                     [id=17652, stack(0x000000db5ff00000,0x000000db60000000) (1024K)]
  0x000001e8556a1f00 WorkerThread "GC Thread#6"                     [id=1420, stack(0x000000db60000000,0x000000db60100000) (1024K)]
  0x000001e855673050 WorkerThread "GC Thread#7"                     [id=14224, stack(0x000000db60100000,0x000000db60200000) (1024K)]
  0x000001e855ed5830 WorkerThread "GC Thread#8"                     [id=18120, stack(0x000000db60400000,0x000000db60500000) (1024K)]
  0x000001e855e4dd00 WorkerThread "GC Thread#9"                     [id=18816, stack(0x000000db60500000,0x000000db60600000) (1024K)]
  0x000001e833509160 ConcurrentGCThread "G1 Main Marker"            [id=1296, stack(0x000000db5e600000,0x000000db5e700000) (1024K)]
  0x000001e833509b80 WorkerThread "G1 Conc#0"                       [id=20328, stack(0x000000db5e700000,0x000000db5e800000) (1024K)]
  0x000001e85769e1f0 WorkerThread "G1 Conc#1"                       [id=5388, stack(0x000000db60700000,0x000000db60800000) (1024K)]
  0x000001e857e98000 WorkerThread "G1 Conc#2"                       [id=17252, stack(0x000000db60800000,0x000000db60900000) (1024K)]
  0x000001e84ff445e0 ConcurrentGCThread "G1 Refine#0"               [id=12748, stack(0x000000db5e800000,0x000000db5e900000) (1024K)]
  0x000001e84ff44e10 ConcurrentGCThread "G1 Service"                [id=15676, stack(0x000000db5e900000,0x000000db5ea00000) (1024K)]
Total: 18

Threads with active compile tasks:
Total: 0

VM state: synchronizing (normal execution)

VM Mutex/Monitor currently owned by a thread:  ([mutex/lock_event])
[0x00007ff81052ffa8] Threads_lock - owner thread: 0x000001e850093a70

Heap address: 0x0000000701600000, size: 4074 MB, Compressed Oops mode: Zero based, Oop shift amount: 3

CDS archive(s) not mapped
Compressed class space mapped at: 0x00000000b7000000-0x00000000f7000000, reserved size: 1073741824
Narrow klass base: 0x0000000000000000, Narrow klass shift: 0, Narrow klass range: 0xf7000000

GC Precious Log:
 CardTable entry size: 512
 Card Set container configuration: InlinePtr #cards 4 size 8 Array Of Cards #cards 16 size 48 Howl #buckets 8 coarsen threshold 3686 Howl Bitmap #cards 512 size 80 coarsen threshold 460 Card regions per heap region 1 cards per card region 4096
 CPUs: 12 total, 12 available
 Memory: 16288M
 Large Page Support: Disabled
 NUMA Support: Disabled
 Compressed Oops: Enabled (Zero based)
 Heap Region Size: 2M
 Heap Min Capacity: 8M
 Heap Initial Capacity: 256M
 Heap Max Capacity: 4074M
 Pre-touch: Disabled
 Parallel Workers: 10
 Concurrent Workers: 3
 Concurrent Refinement Workers: 10
 Periodic GC: Disabled

Heap:
 garbage-first heap   total reserved 4171776K, committed 63488K, used 45027K [0x0000000701600000, 0x0000000800000000)
  region size 2048K, 17 young (34816K), 2 survivors (4096K)
 Metaspace       used 43838K, committed 44352K, reserved 1114112K
  class space    used 5014K, committed 5248K, reserved 1048576K

Heap Regions: E=young(eden), S=young(survivor), O=old, HS=humongous(starts), HC=humongous(continues), CS=collection set, F=free, TAMS=top-at-mark-start, PB=parsable bottom
|   0|0x0000000701600000, 0x0000000701800000, 0x0000000701800000|100%| O|  |TAMS 0x0000000701600000| PB 0x0000000701600000| Untracked |  0
|   1|0x0000000701800000, 0x0000000701a00000, 0x0000000701a00000|100%| O|  |TAMS 0x0000000701800000| PB 0x0000000701800000| Untracked |  0
|   2|0x0000000701a00000, 0x0000000701c00000, 0x0000000701c00000|100%| O|  |TAMS 0x0000000701a00000| PB 0x0000000701a00000| Untracked |  0
|   3|0x0000000701c00000, 0x0000000701c00000, 0x0000000701e00000|  0%| F|  |TAMS 0x0000000701c00000| PB 0x0000000701c00000| Untracked |  0
|   4|0x0000000701e00000, 0x0000000702000000, 0x0000000702000000|100%| O|  |TAMS 0x0000000701e00000| PB 0x0000000701e00000| Untracked |  0
|   5|0x0000000702000000, 0x0000000702200000, 0x0000000702200000|100%| O|  |TAMS 0x0000000702000000| PB 0x0000000702000000| Untracked |  0
|   6|0x0000000702200000, 0x0000000702400000, 0x0000000702400000|100%| O|  |TAMS 0x0000000702200000| PB 0x0000000702200000| Untracked |  0
|   7|0x0000000702400000, 0x0000000702600000, 0x0000000702600000|100%| O|  |TAMS 0x0000000702400000| PB 0x0000000702400000| Untracked |  0
|   8|0x0000000702600000, 0x0000000702640800, 0x0000000702800000| 12%| O|  |TAMS 0x0000000702600000| PB 0x0000000702600000| Untracked |  0
|   9|0x0000000702800000, 0x0000000702800000, 0x0000000702a00000|  0%| F|  |TAMS 0x0000000702800000| PB 0x0000000702800000| Untracked |  0
|  10|0x0000000702a00000, 0x0000000702a00000, 0x0000000702c00000|  0%| F|  |TAMS 0x0000000702a00000| PB 0x0000000702a00000| Untracked |  0
|  11|0x0000000702c00000, 0x0000000702db8600, 0x0000000702e00000| 86%| S|CS|TAMS 0x0000000702c00000| PB 0x0000000702c00000| Complete |  0
|  12|0x0000000702e00000, 0x0000000703000000, 0x0000000703000000|100%| S|CS|TAMS 0x0000000702e00000| PB 0x0000000702e00000| Complete |  0
|  13|0x0000000703000000, 0x0000000703000000, 0x0000000703200000|  0%| F|  |TAMS 0x0000000703000000| PB 0x0000000703000000| Untracked |  0
|  14|0x0000000703200000, 0x0000000703200000, 0x0000000703400000|  0%| F|  |TAMS 0x0000000703200000| PB 0x0000000703200000| Untracked |  0
|  15|0x0000000703400000, 0x0000000703400000, 0x0000000703600000|  0%| F|  |TAMS 0x0000000703400000| PB 0x0000000703400000| Untracked |  0
|  16|0x0000000703600000, 0x00000007036cf230, 0x0000000703800000| 40%| E|  |TAMS 0x0000000703600000| PB 0x0000000703600000| Complete |  0
|  17|0x0000000703800000, 0x0000000703a00000, 0x0000000703a00000|100%| E|CS|TAMS 0x0000000703800000| PB 0x0000000703800000| Complete |  0
|  18|0x0000000703a00000, 0x0000000703c00000, 0x0000000703c00000|100%| E|CS|TAMS 0x0000000703a00000| PB 0x0000000703a00000| Complete |  0
|  19|0x0000000703c00000, 0x0000000703e00000, 0x0000000703e00000|100%| E|CS|TAMS 0x0000000703c00000| PB 0x0000000703c00000| Complete |  0
|  20|0x0000000703e00000, 0x0000000704000000, 0x0000000704000000|100%| E|CS|TAMS 0x0000000703e00000| PB 0x0000000703e00000| Complete |  0
|  21|0x0000000704000000, 0x0000000704200000, 0x0000000704200000|100%| E|CS|TAMS 0x0000000704000000| PB 0x0000000704000000| Complete |  0
|  22|0x0000000704200000, 0x0000000704400000, 0x0000000704400000|100%| E|CS|TAMS 0x0000000704200000| PB 0x0000000704200000| Complete |  0
|  23|0x0000000704400000, 0x0000000704600000, 0x0000000704600000|100%| E|CS|TAMS 0x0000000704400000| PB 0x0000000704400000| Complete |  0
|  24|0x0000000704600000, 0x0000000704800000, 0x0000000704800000|100%| E|  |TAMS 0x0000000704600000| PB 0x0000000704600000| Complete |  0
|  25|0x0000000704800000, 0x0000000704a00000, 0x0000000704a00000|100%| E|CS|TAMS 0x0000000704800000| PB 0x0000000704800000| Complete |  0
|  26|0x0000000704a00000, 0x0000000704c00000, 0x0000000704c00000|100%| E|CS|TAMS 0x0000000704a00000| PB 0x0000000704a00000| Complete |  0
|  34|0x0000000705a00000, 0x0000000705c00000, 0x0000000705c00000|100%| E|CS|TAMS 0x0000000705a00000| PB 0x0000000705a00000| Complete |  0
|  35|0x0000000705c00000, 0x0000000705e00000, 0x0000000705e00000|100%| E|CS|TAMS 0x0000000705c00000| PB 0x0000000705c00000| Complete |  0
|  36|0x0000000705e00000, 0x0000000706000000, 0x0000000706000000|100%| E|CS|TAMS 0x0000000705e00000| PB 0x0000000705e00000| Complete |  0
| 127|0x0000000711400000, 0x0000000711600000, 0x0000000711600000|100%| E|CS|TAMS 0x0000000711400000| PB 0x0000000711400000| Complete |  0

Card table byte_map: [0x000001e848bf0000,0x000001e8493f0000] _byte_map_base: 0x000001e8453e5000

Marking Bits: (CMBitMap*) 0x000001e8334f80a0
 Bits: [0x000001e8493f0000, 0x000001e84d398000)

Polling page: 0x000001e833540000

Metaspace:

Usage:
  Non-class:     37.91 MB used.
      Class:      4.90 MB used.
       Both:     42.81 MB used.

Virtual space:
  Non-class space:       64.00 MB reserved,      38.19 MB ( 60%) committed,  1 nodes.
      Class space:        1.00 GB reserved,       5.12 MB ( <1%) committed,  1 nodes.
             Both:        1.06 GB reserved,      43.31 MB (  4%) committed. 

Chunk freelists:
   Non-Class:  9.38 MB
       Class:  10.89 MB
        Both:  20.27 MB

MaxMetaspaceSize: unlimited
CompressedClassSpaceSize: 1.00 GB
Initial GC threshold: 21.00 MB
Current GC threshold: 59.00 MB
CDS: off
 - commit_granule_bytes: 65536.
 - commit_granule_words: 8192.
 - virtual_space_node_default_size: 8388608.
 - enlarge_chunks_in_place: 1.
 - use_allocation_guard: 0.


Internal statistics:

num_allocs_failed_limit: 8.
num_arena_births: 628.
num_arena_deaths: 0.
num_vsnodes_births: 2.
num_vsnodes_deaths: 0.
num_space_committed: 693.
num_space_uncommitted: 0.
num_chunks_returned_to_freelist: 8.
num_chunks_taken_from_freelist: 1838.
num_chunk_merges: 8.
num_chunk_splits: 1203.
num_chunks_enlarged: 824.
num_inconsistent_stats: 0.

CodeHeap 'non-profiled nmethods': size=120000Kb used=3464Kb max_used=3464Kb free=116535Kb
 bounds [0x000001e840220000, 0x000001e840590000, 0x000001e847750000]
CodeHeap 'profiled nmethods': size=120000Kb used=9954Kb max_used=9954Kb free=110045Kb
 bounds [0x000001e838750000, 0x000001e839110000, 0x000001e83fc80000]
CodeHeap 'non-nmethods': size=5760Kb used=1560Kb max_used=1641Kb free=4199Kb
 bounds [0x000001e83fc80000, 0x000001e83fef0000, 0x000001e840220000]
 total_blobs=5154 nmethods=4583 adapters=475
 compilation: enabled
              stopped_count=0, restarted_count=0
 full_count=0

Compilation events (20 events):
Event: 2.689 Thread 0x000001e8506e7470 4837       4       org.springframework.core.annotation.MergedAnnotations$Search$$Lambda/0x00000000b7163698::test (8 bytes)
Event: 2.690 Thread 0x000001e8506e7470 nmethod 4837 0x000001e84056f210 code [0x000001e84056f3a0, 0x000001e84056f458]
Event: 2.690 Thread 0x000001e8506e7470 4863       4       org.springframework.boot.context.properties.source.ConfigurationPropertyName$Elements::getLength (46 bytes)
Event: 2.691 Thread 0x000001e8506e7470 nmethod 4863 0x000001e84056f510 code [0x000001e84056f6a0, 0x000001e84056f868]
Event: 2.691 Thread 0x000001e8506e7470 4860       4       java.util.ArrayDeque::isEmpty (17 bytes)
Event: 2.691 Thread 0x000001e8506e7470 nmethod 4860 0x000001e84056fa10 code [0x000001e84056fb80, 0x000001e84056fc10]
Event: 2.691 Thread 0x000001e8506e7470 4862       4       java.util.concurrent.CopyOnWriteArrayList$COWIterator::next (32 bytes)
Event: 2.691 Thread 0x000001e8506e7470 nmethod 4862 0x000001e84056fd10 code [0x000001e84056fea0, 0x000001e84056ff98]
Event: 2.691 Thread 0x000001e8506e7470 4849       4       org.springframework.core.annotation.TypeMappedAnnotations$MergedAnnotationFinder::doWithAnnotations (10 bytes)
Event: 2.692 Thread 0x000001e8506e7470 nmethod 4849 0x000001e840570090 code [0x000001e840570220, 0x000001e8405702d8]
Event: 2.692 Thread 0x000001e8506e7470 4825       4       java.lang.String::<init> (22 bytes)
Event: 2.693 Thread 0x000001e8506e7470 nmethod 4825 0x000001e840570390 code [0x000001e840570520, 0x000001e8405706a8]
Event: 2.693 Thread 0x000001e8506e7470 4819       4       java.util.ImmutableCollections$MapN::get (35 bytes)
Event: 2.697 Thread 0x000001e8506e7470 nmethod 4819 0x000001e840570890 code [0x000001e840570a80, 0x000001e8405710c8]
Event: 2.697 Thread 0x000001e8506e7470 4830       4       java.lang.invoke.LambdaForm::uncustomize (57 bytes)
Event: 2.698 Thread 0x000001e8506e7470 nmethod 4830 0x000001e840571490 code [0x000001e840571600, 0x000001e8405716a0]
Event: 2.698 Thread 0x000001e8506e7470 4835       4       jdk.internal.org.objectweb.asm.Frame::pop (42 bytes)
Event: 2.698 Thread 0x000001e8506e7470 nmethod 4835 0x000001e840571790 code [0x000001e840571920, 0x000001e840571a18]
Event: 2.701 Thread 0x000001e85018be30 nmethod 4820% 0x000001e840571b10 code [0x000001e840571f40, 0x000001e840576fe8]
Event: 2.743 Thread 0x000001e8506e6db0 nmethod 4875 0x000001e840579810 code [0x000001e840579da0, 0x000001e84057d808]

GC Heap History (20 events):
Event: 0.541 GC heap before
{Heap before GC invocations=0 (full 0):
 garbage-first heap   total reserved 4171776K, committed 262144K, used 22528K [0x0000000701600000, 0x0000000800000000)
  region size 2048K, 12 young (24576K), 0 survivors (0K)
 Metaspace       used 13254K, committed 13440K, reserved 1114112K
  class space    used 1172K, committed 1280K, reserved 1048576K
}
Event: 0.543 GC heap after
{Heap after GC invocations=1 (full 0):
 garbage-first heap   total reserved 4171776K, committed 262144K, used 6900K [0x0000000701600000, 0x0000000800000000)
  region size 2048K, 2 young (4096K), 2 survivors (4096K)
 Metaspace       used 13254K, committed 13440K, reserved 1114112K
  class space    used 1172K, committed 1280K, reserved 1048576K
}
Event: 0.806 GC heap before
{Heap before GC invocations=1 (full 0):
 garbage-first heap   total reserved 4171776K, committed 262144K, used 37620K [0x0000000701600000, 0x0000000800000000)
  region size 2048K, 18 young (36864K), 2 survivors (4096K)
 Metaspace       used 18241K, committed 18432K, reserved 1114112K
  class space    used 1772K, committed 1856K, reserved 1048576K
}
Event: 0.808 GC heap after
{Heap after GC invocations=2 (full 0):
 garbage-first heap   total reserved 4171776K, committed 262144K, used 8645K [0x0000000701600000, 0x0000000800000000)
  region size 2048K, 1 young (2048K), 1 survivors (2048K)
 Metaspace       used 18241K, committed 18432K, reserved 1114112K
  class space    used 1772K, committed 1856K, reserved 1048576K
}
Event: 0.986 GC heap before
{Heap before GC invocations=2 (full 0):
 garbage-first heap   total reserved 4171776K, committed 262144K, used 33221K [0x0000000701600000, 0x0000000800000000)
  region size 2048K, 15 young (30720K), 1 survivors (2048K)
 Metaspace       used 21234K, committed 21504K, reserved 1114112K
  class space    used 2189K, committed 2304K, reserved 1048576K
}
Event: 0.988 GC heap after
{Heap after GC invocations=3 (full 0):
 garbage-first heap   total reserved 4171776K, committed 262144K, used 9565K [0x0000000701600000, 0x0000000800000000)
  region size 2048K, 2 young (4096K), 2 survivors (4096K)
 Metaspace       used 21234K, committed 21504K, reserved 1114112K
  class space    used 2189K, committed 2304K, reserved 1048576K
}
Event: 1.075 GC heap before
{Heap before GC invocations=4 (full 0):
 garbage-first heap   total reserved 4171776K, committed 40960K, used 38237K [0x0000000701600000, 0x0000000800000000)
  region size 2048K, 16 young (32768K), 2 survivors (4096K)
 Metaspace       used 24997K, committed 25280K, reserved 1114112K
  class space    used 2590K, committed 2752K, reserved 1048576K
}
Event: 1.077 GC heap after
{Heap after GC invocations=5 (full 0):
 garbage-first heap   total reserved 4171776K, committed 45056K, used 10099K [0x0000000701600000, 0x0000000800000000)
  region size 2048K, 2 young (4096K), 2 survivors (4096K)
 Metaspace       used 24997K, committed 25280K, reserved 1114112K
  class space    used 2590K, committed 2752K, reserved 1048576K
}
Event: 1.145 GC heap before
{Heap before GC invocations=5 (full 0):
 garbage-first heap   total reserved 4171776K, committed 45056K, used 32627K [0x0000000701600000, 0x0000000800000000)
  region size 2048K, 13 young (26624K), 2 survivors (4096K)
 Metaspace       used 27177K, committed 27456K, reserved 1114112K
  class space    used 2866K, committed 2944K, reserved 1048576K
}
Event: 1.147 GC heap after
{Heap after GC invocations=6 (full 0):
 garbage-first heap   total reserved 4171776K, committed 45056K, used 10741K [0x0000000701600000, 0x0000000800000000)
  region size 2048K, 2 young (4096K), 2 survivors (4096K)
 Metaspace       used 27177K, committed 27456K, reserved 1114112K
  class space    used 2866K, committed 2944K, reserved 1048576K
}
Event: 1.200 GC heap before
{Heap before GC invocations=6 (full 0):
 garbage-first heap   total reserved 4171776K, committed 45056K, used 33269K [0x0000000701600000, 0x0000000800000000)
  region size 2048K, 13 young (26624K), 2 survivors (4096K)
 Metaspace       used 29093K, committed 29376K, reserved 1114112K
  class space    used 3140K, committed 3264K, reserved 1048576K
}
Event: 1.201 GC heap after
{Heap after GC invocations=7 (full 0):
 garbage-first heap   total reserved 4171776K, committed 45056K, used 11076K [0x0000000701600000, 0x0000000800000000)
  region size 2048K, 1 young (2048K), 1 survivors (2048K)
 Metaspace       used 29093K, committed 29376K, reserved 1114112K
  class space    used 3140K, committed 3264K, reserved 1048576K
}
Event: 1.372 GC heap before
{Heap before GC invocations=7 (full 0):
 garbage-first heap   total reserved 4171776K, committed 45056K, used 33604K [0x0000000701600000, 0x0000000800000000)
  region size 2048K, 13 young (26624K), 1 survivors (2048K)
 Metaspace       used 30973K, committed 31232K, reserved 1114112K
  class space    used 3341K, committed 3456K, reserved 1048576K
}
Event: 1.374 GC heap after
{Heap after GC invocations=8 (full 0):
 garbage-first heap   total reserved 4171776K, committed 153600K, used 12564K [0x0000000701600000, 0x0000000800000000)
  region size 2048K, 2 young (4096K), 2 survivors (4096K)
 Metaspace       used 30973K, committed 31232K, reserved 1114112K
  class space    used 3341K, committed 3456K, reserved 1048576K
}
Event: 1.930 GC heap before
{Heap before GC invocations=8 (full 0):
 garbage-first heap   total reserved 4171776K, committed 153600K, used 88340K [0x0000000701600000, 0x0000000800000000)
  region size 2048K, 40 young (81920K), 2 survivors (4096K)
 Metaspace       used 35821K, committed 36096K, reserved 1114112K
  class space    used 3938K, committed 4096K, reserved 1048576K
}
Event: 1.933 GC heap after
{Heap after GC invocations=9 (full 0):
 garbage-first heap   total reserved 4171776K, committed 153600K, used 15251K [0x0000000701600000, 0x0000000800000000)
  region size 2048K, 3 young (6144K), 3 survivors (6144K)
 Metaspace       used 35821K, committed 36096K, reserved 1114112K
  class space    used 3938K, committed 4096K, reserved 1048576K
}
Event: 2.246 GC heap before
{Heap before GC invocations=10 (full 0):
 garbage-first heap   total reserved 4171776K, committed 55296K, used 54163K [0x0000000701600000, 0x0000000800000000)
  region size 2048K, 22 young (45056K), 3 survivors (6144K)
 Metaspace       used 38934K, committed 39424K, reserved 1114112K
  class space    used 4397K, committed 4608K, reserved 1048576K
}
Event: 2.250 GC heap after
{Heap after GC invocations=11 (full 0):
 garbage-first heap   total reserved 4171776K, committed 63488K, used 17278K [0x0000000701600000, 0x0000000800000000)
  region size 2048K, 4 young (8192K), 4 survivors (8192K)
 Metaspace       used 38934K, committed 39424K, reserved 1114112K
  class space    used 4397K, committed 4608K, reserved 1048576K
}
Event: 2.474 GC heap before
{Heap before GC invocations=11 (full 0):
 garbage-first heap   total reserved 4171776K, committed 63488K, used 45950K [0x0000000701600000, 0x0000000800000000)
  region size 2048K, 18 young (36864K), 4 survivors (8192K)
 Metaspace       used 41285K, committed 41792K, reserved 1114112K
  class space    used 4721K, committed 4928K, reserved 1048576K
}
Event: 2.478 GC heap after
{Heap after GC invocations=12 (full 0):
 garbage-first heap   total reserved 4171776K, committed 63488K, used 18403K [0x0000000701600000, 0x0000000800000000)
  region size 2048K, 2 young (4096K), 2 survivors (4096K)
 Metaspace       used 41285K, committed 41792K, reserved 1114112K
  class space    used 4721K, committed 4928K, reserved 1048576K
}

Dll operation events (12 events):
Event: 0.023 Loaded shared library C:\Users\kj46573\.p2\pool\plugins\org.eclipse.justj.openjdk.hotspot.jre.full.win32.x86_64_22.0.1.v20240426-1149\jre\bin\java.dll
Event: 0.026 Loaded shared library C:\Users\kj46573\.p2\pool\plugins\org.eclipse.justj.openjdk.hotspot.jre.full.win32.x86_64_22.0.1.v20240426-1149\jre\bin\zip.dll
Event: 0.246 Loaded shared library C:\Users\kj46573\.p2\pool\plugins\org.eclipse.justj.openjdk.hotspot.jre.full.win32.x86_64_22.0.1.v20240426-1149\jre\bin\instrument.dll
Event: 0.253 Loaded shared library C:\Users\kj46573\.p2\pool\plugins\org.eclipse.justj.openjdk.hotspot.jre.full.win32.x86_64_22.0.1.v20240426-1149\jre\bin\net.dll
Event: 0.253 Loaded shared library C:\Users\kj46573\.p2\pool\plugins\org.eclipse.justj.openjdk.hotspot.jre.full.win32.x86_64_22.0.1.v20240426-1149\jre\bin\nio.dll
Event: 0.258 Loaded shared library C:\Users\kj46573\.p2\pool\plugins\org.eclipse.justj.openjdk.hotspot.jre.full.win32.x86_64_22.0.1.v20240426-1149\jre\bin\zip.dll
Event: 0.371 Loaded shared library C:\Users\kj46573\.p2\pool\plugins\org.eclipse.justj.openjdk.hotspot.jre.full.win32.x86_64_22.0.1.v20240426-1149\jre\bin\jimage.dll
Event: 0.404 Loaded shared library C:\Users\kj46573\.p2\pool\plugins\org.eclipse.justj.openjdk.hotspot.jre.full.win32.x86_64_22.0.1.v20240426-1149\jre\bin\verify.dll
Event: 0.638 Loaded shared library C:\Users\kj46573\.p2\pool\plugins\org.eclipse.justj.openjdk.hotspot.jre.full.win32.x86_64_22.0.1.v20240426-1149\jre\bin\management.dll
Event: 0.639 Loaded shared library C:\Users\kj46573\.p2\pool\plugins\org.eclipse.justj.openjdk.hotspot.jre.full.win32.x86_64_22.0.1.v20240426-1149\jre\bin\management_ext.dll
Event: 0.984 Loaded shared library C:\Users\kj46573\.p2\pool\plugins\org.eclipse.justj.openjdk.hotspot.jre.full.win32.x86_64_22.0.1.v20240426-1149\jre\bin\le.dll
Event: 2.555 Loaded shared library C:\Users\kj46573\.p2\pool\plugins\org.eclipse.justj.openjdk.hotspot.jre.full.win32.x86_64_22.0.1.v20240426-1149\jre\bin\sunmscapi.dll

Deoptimization events (20 events):
Event: 2.684 Thread 0x000001e8556a99a0 DEOPT PACKING pc=0x000001e838df5be9 sp=0x000000db603fb610
Event: 2.684 Thread 0x000001e8556a99a0 DEOPT UNPACKING pc=0x000001e83fcd4e42 sp=0x000000db603faae8 mode 1
Event: 2.684 Thread 0x000001e8556a99a0 DEOPT PACKING pc=0x000001e838cee05c sp=0x000000db603fb6a0
Event: 2.684 Thread 0x000001e8556a99a0 DEOPT UNPACKING pc=0x000001e83fcd4e42 sp=0x000000db603fac50 mode 1
Event: 2.684 Thread 0x000001e8556a99a0 DEOPT PACKING pc=0x000001e838ce6e14 sp=0x000000db603fb810
Event: 2.684 Thread 0x000001e8556a99a0 DEOPT UNPACKING pc=0x000001e83fcd4e42 sp=0x000000db603fadb0 mode 1
Event: 2.685 Thread 0x000001e8556a99a0 DEOPT PACKING pc=0x000001e838df5be9 sp=0x000000db603fb370
Event: 2.685 Thread 0x000001e8556a99a0 DEOPT UNPACKING pc=0x000001e83fcd4e42 sp=0x000000db603fa848 mode 1
Event: 2.685 Thread 0x000001e8556a99a0 DEOPT PACKING pc=0x000001e838cee05c sp=0x000000db603fb400
Event: 2.685 Thread 0x000001e8556a99a0 DEOPT UNPACKING pc=0x000001e83fcd4e42 sp=0x000000db603fa9b0 mode 1
Event: 2.685 Thread 0x000001e8556a99a0 DEOPT PACKING pc=0x000001e838ce6e14 sp=0x000000db603fb570
Event: 2.685 Thread 0x000001e8556a99a0 DEOPT UNPACKING pc=0x000001e83fcd4e42 sp=0x000000db603fab10 mode 1
Event: 2.688 Thread 0x000001e8556a99a0 DEOPT PACKING pc=0x000001e838df5be9 sp=0x000000db603fb300
Event: 2.688 Thread 0x000001e8556a99a0 DEOPT UNPACKING pc=0x000001e83fcd4e42 sp=0x000000db603fa7d8 mode 1
Event: 2.688 Thread 0x000001e8556a99a0 DEOPT PACKING pc=0x000001e838cee05c sp=0x000000db603fb390
Event: 2.688 Thread 0x000001e8556a99a0 DEOPT UNPACKING pc=0x000001e83fcd4e42 sp=0x000000db603fa940 mode 1
Event: 2.688 Thread 0x000001e8556a99a0 DEOPT PACKING pc=0x000001e838ce6e14 sp=0x000000db603fb500
Event: 2.688 Thread 0x000001e8556a99a0 DEOPT UNPACKING pc=0x000001e83fcd4e42 sp=0x000000db603faaa0 mode 1
Event: 34.349 Thread 0x000001e8556a99a0 DEOPT PACKING pc=0x000001e838b01df4 sp=0x000000db603fc440
Event: 34.349 Thread 0x000001e8556a99a0 DEOPT UNPACKING pc=0x000001e83fcd4e42 sp=0x000000db603fb8f8 mode 0

Classes loaded (20 events):
Event: 2.616 Loading class sun/util/locale/provider/TimeZoneNameProviderImpl done
Event: 2.616 Loading class sun/util/cldr/CLDRTimeZoneNameProviderImpl done
Event: 2.617 Loading class sun/util/locale/provider/BaseLocaleDataMetaInfo
Event: 2.618 Loading class sun/util/locale/provider/BaseLocaleDataMetaInfo done
Event: 2.618 Loading class sun/util/resources/cldr/TimeZoneNames
Event: 2.618 Loading class sun/util/resources/TimeZoneNamesBundle
Event: 2.618 Loading class sun/util/resources/OpenListResourceBundle
Event: 2.618 Loading class sun/util/resources/OpenListResourceBundle done
Event: 2.618 Loading class sun/util/resources/TimeZoneNamesBundle done
Event: 2.618 Loading class sun/util/resources/cldr/TimeZoneNames done
Event: 2.619 Loading class sun/util/resources/cldr/TimeZoneNames_en
Event: 2.620 Loading class sun/util/resources/cldr/TimeZoneNames_en done
Event: 2.620 Loading class sun/util/resources/cldr/TimeZoneNames_en_US
Event: 2.620 Loading class sun/util/resources/cldr/TimeZoneNames_en_US done
Event: 2.620 Loading class sun/util/cldr/CLDRBaseLocaleDataMetaInfo$TZCanonicalIDMapHolder
Event: 2.621 Loading class sun/util/cldr/CLDRBaseLocaleDataMetaInfo$TZCanonicalIDMapHolder done
Event: 2.667 Loading class java/util/UUID$Holder
Event: 2.668 Loading class java/util/UUID$Holder done
Event: 2.668 Loading class jdk/internal/util/ByteArrayLittleEndian
Event: 2.668 Loading class jdk/internal/util/ByteArrayLittleEndian done

Classes unloaded (0 events):
No events

Classes redefined (1 events):
Event: 34.363 Thread 0x000001e850093a70 redefined class name=com.kj.yetanotherspringapp.service.JwtService, count=1

Internal exceptions (20 events):
Event: 2.187 Thread 0x000001e8556a99a0 Exception <a 'java/lang/NoSuchMethodError'{0x000000070247e4d8}: 'void java.lang.invoke.DelegatingMethodHandle$Holder.reinvoke_L(java.lang.Object, java.lang.Object, int)'> (0x000000070247e4d8) 
thrown [s\src\hotspot\share\interpreter\linkResolver.cpp, line 774]
Event: 2.250 Thread 0x000001e8556a99a0 Exception <a 'java/lang/NoSuchMethodError'{0x0000000711407030}: 'java.lang.Object java.lang.invoke.DirectMethodHandle$Holder.invokeVirtual(java.lang.Object, java.lang.Object, java.lang.Object, java.lang.Object, java.lang.Object)'> (0x0000000711407030) 
thrown [s\src\hotspot\share\interpreter\linkResolver.cpp, line 774]
Event: 2.321 Thread 0x000001e8556a99a0 Implicit null exception at 0x000001e8404ce3c8 to 0x000001e8404ce900
Event: 2.321 Thread 0x000001e8556a99a0 Exception <a 'java/lang/NoSuchMethodError'{0x000000070422f180}: 'java.lang.reflect.Field[] java.lang.Class.getDeclaredFields(java.lang.Class)'> (0x000000070422f180) 
thrown [s\src\hotspot\share\interpreter\linkResolver.cpp, line 774]
Event: 2.330 Thread 0x000001e8556a99a0 Exception <a 'java/lang/NoSuchMethodError'{0x00000007042e82b8}: 'void java.lang.invoke.DirectMethodHandle$Holder.invokeStatic(java.lang.Object, java.lang.Object, int)'> (0x00000007042e82b8) 
thrown [s\src\hotspot\share\interpreter\linkResolver.cpp, line 774]
Event: 2.366 Thread 0x000001e8556a99a0 Exception <a 'java/lang/NoSuchMethodError'{0x0000000703b6dc00}: 'java.lang.Object java.lang.invoke.DirectMethodHandle$Holder.invokeVirtual(java.lang.Object, java.lang.Object, java.lang.Object, java.lang.Object, java.lang.Object, java.lang.Object)'> (0x0000000703b6dc00) 
thrown [s\src\hotspot\share\interpreter\linkResolver.cpp, line 774]
Event: 2.387 Thread 0x000001e8556a99a0 Exception <a 'java/lang/NoSuchMethodError'{0x00000007038f5478}: 'void java.lang.invoke.DirectMethodHandle$Holder.invokeInterface(java.lang.Object, java.lang.Object, int)'> (0x00000007038f5478) 
thrown [s\src\hotspot\share\interpreter\linkResolver.cpp, line 774]
Event: 2.390 Thread 0x000001e8556a99a0 Exception <a 'java/lang/IncompatibleClassChangeError'{0x00000007039377d0}: Found class java.lang.Object, but interface was expected> (0x00000007039377d0) 
thrown [s\src\hotspot\share\interpreter\linkResolver.cpp, line 841]
Event: 2.391 Thread 0x000001e8556a99a0 Exception <a 'java/lang/NoSuchMethodError'{0x00000007039458a8}: 'int java.lang.invoke.DirectMethodHandle$Holder.invokeSpecialIFC(java.lang.Object, java.lang.Object, java.lang.Object)'> (0x00000007039458a8) 
thrown [s\src\hotspot\share\interpreter\linkResolver.cpp, line 774]
Event: 2.392 Thread 0x000001e8556a99a0 Exception <a 'java/lang/NoSuchMethodError'{0x0000000703951c68}: 'void java.lang.invoke.DirectMethodHandle$Holder.invokeStatic(java.lang.Object, int, java.lang.Object)'> (0x0000000703951c68) 
thrown [s\src\hotspot\share\interpreter\linkResolver.cpp, line 774]
Event: 2.395 Thread 0x000001e8556a99a0 Exception <a 'java/lang/NoSuchMethodError'{0x000000070398cb78}: 'void java.lang.invoke.DirectMethodHandle$Holder.invokeStatic(java.lang.Object, java.lang.Object, java.lang.Object, int, java.lang.Object)'> (0x000000070398cb78) 
thrown [s\src\hotspot\share\interpreter\linkResolver.cpp, line 774]
Event: 2.395 Thread 0x000001e8556a99a0 Exception <a 'java/lang/NoSuchMethodError'{0x00000007039933f8}: 'java.lang.Object java.lang.invoke.DirectMethodHandle$Holder.newInvokeSpecial(java.lang.Object, java.lang.Object, java.lang.Object, int)'> (0x00000007039933f8) 
thrown [s\src\hotspot\share\interpreter\linkResolver.cpp, line 774]
Event: 2.395 Thread 0x000001e8556a99a0 Exception <a 'java/lang/NoSuchMethodError'{0x0000000703997298}: 'java.lang.Object java.lang.invoke.DirectMethodHandle$Holder.invokeSpecial(java.lang.Object, java.lang.Object, java.lang.Object, java.lang.Object, int)'> (0x0000000703997298) 
thrown [s\src\hotspot\share\interpreter\linkResolver.cpp, line 774]
Event: 2.395 Thread 0x000001e8556a99a0 Exception <a 'java/lang/NoSuchMethodError'{0x000000070399a720}: 'java.lang.Object java.lang.invoke.Invokers$Holder.linkToTargetMethod(java.lang.Object, java.lang.Object, int, java.lang.Object)'> (0x000000070399a720) 
thrown [s\src\hotspot\share\interpreter\linkResolver.cpp, line 774]
Event: 2.460 Thread 0x000001e8556a99a0 Exception <a 'java/lang/NoSuchMethodError'{0x0000000703121390}: 'java.lang.Object java.lang.invoke.DirectMethodHandle$Holder.invokeStaticInit(java.lang.Object, int, int, int, int)'> (0x0000000703121390) 
thrown [s\src\hotspot\share\interpreter\linkResolver.cpp, line 774]
Event: 2.479 Thread 0x000001e8556a99a0 Exception <a 'java/lang/NoSuchMethodError'{0x0000000711406438}: 'java.lang.Object java.lang.invoke.DirectMethodHandle$Holder.invokeStaticInit(java.lang.Object, java.lang.Object, int, int, int, int)'> (0x0000000711406438) 
thrown [s\src\hotspot\share\interpreter\linkResolver.cpp, line 774]
Event: 2.512 Thread 0x000001e8556a99a0 Exception <a 'java/lang/NoSuchMethodError'{0x0000000705a73200}: 'int java.lang.invoke.DirectMethodHandle$Holder.invokeVirtual(java.lang.Object, java.lang.Object, java.lang.Object, java.lang.Object)'> (0x0000000705a73200) 
thrown [s\src\hotspot\share\interpreter\linkResolver.cpp, line 774]
Event: 2.512 Thread 0x000001e8556a99a0 Exception <a 'java/lang/NoSuchMethodError'{0x0000000705a76c78}: 'int java.lang.invoke.DelegatingMethodHandle$Holder.reinvoke_L(java.lang.Object, java.lang.Object, java.lang.Object, java.lang.Object)'> (0x0000000705a76c78) 
thrown [s\src\hotspot\share\interpreter\linkResolver.cpp, line 774]
Event: 2.639 Thread 0x000001e8556a99a0 Exception <a 'java/io/FileNotFoundException'{0x0000000703de4cb8}> (0x0000000703de4cb8) 
thrown [s\src\hotspot\share\prims\jni.cpp, line 520]
Event: 2.661 Thread 0x000001e8556a99a0 Exception <a 'java/lang/NoSuchMethodError'{0x000000070384c2c0}: 'int java.lang.invoke.DirectMethodHandle$Holder.invokeInterface(java.lang.Object, java.lang.Object, java.lang.Object, java.lang.Object)'> (0x000000070384c2c0) 
thrown [s\src\hotspot\share\interpreter\linkResolver.cpp, line 774]

ZGC Phase Switch (0 events):
No events

VM Operations (20 events):
Event: 16.436 Executing VM operation: get/set locals
Event: 16.436 Executing VM operation: get/set locals done
Event: 16.436 Executing VM operation: get/set locals
Event: 16.436 Executing VM operation: get/set locals done
Event: 16.436 Executing VM operation: get/set locals
Event: 16.436 Executing VM operation: get/set locals done
Event: 16.437 Executing VM operation: get/set locals
Event: 16.437 Executing VM operation: get/set locals done
Event: 16.437 Executing VM operation: get/set locals
Event: 16.437 Executing VM operation: get/set locals done
Event: 34.349 Executing VM operation: ChangeSingleStep
Event: 34.349 Executing VM operation: ChangeSingleStep done
Event: 34.350 Executing VM operation: ChangeSingleStep
Event: 34.350 Executing VM operation: ChangeSingleStep done
Event: 34.358 Executing VM operation: RedefineClasses
Event: 34.371 Executing VM operation: RedefineClasses done
Event: 34.378 Executing VM operation: ChangeBreakpoints
Event: 34.379 Executing VM operation: ChangeBreakpoints done
Event: 34.382 Executing VM operation: ChangeSingleStep
Event: 34.382 Executing VM operation: ChangeSingleStep done

Events (20 events):
Event: 1.939 Thread 0x000001e850093a70 flushing nmethod 0x000001e838799110
Event: 1.939 Thread 0x000001e850093a70 flushing nmethod 0x000001e838799f10
Event: 1.939 Thread 0x000001e850093a70 flushing nmethod 0x000001e83879a790
Event: 1.939 Thread 0x000001e850093a70 flushing nmethod 0x000001e83879ae10
Event: 1.939 Thread 0x000001e850093a70 flushing nmethod 0x000001e83879b190
Event: 1.939 Thread 0x000001e850093a70 flushing nmethod 0x000001e83879b690
Event: 1.939 Thread 0x000001e850093a70 flushing nmethod 0x000001e83879bf90
Event: 1.939 Thread 0x000001e850093a70 flushing nmethod 0x000001e8387c4590
Event: 1.939 Thread 0x000001e850093a70 flushing nmethod 0x000001e8387c4f90
Event: 1.939 Thread 0x000001e850093a70 flushing nmethod 0x000001e8387fe290
Event: 1.939 Thread 0x000001e850093a70 flushing nmethod 0x000001e838800b90
Event: 1.939 Thread 0x000001e850093a70 flushing nmethod 0x000001e838833190
Event: 1.939 Thread 0x000001e850093a70 flushing nmethod 0x000001e838839290
Event: 1.939 Thread 0x000001e850093a70 flushing nmethod 0x000001e83883b390
Event: 1.939 Thread 0x000001e850093a70 flushing nmethod 0x000001e83883b790
Event: 1.939 Thread 0x000001e850093a70 flushing nmethod 0x000001e8388bef10
Event: 1.939 Thread 0x000001e850093a70 flushing nmethod 0x000001e838904290
Event: 1.939 Thread 0x000001e850093a70 flushing nmethod 0x000001e838904790
Event: 7.698 Thread 0x000001e8506e7470 Thread exited: 0x000001e8506e7470
Event: 7.743 Thread 0x000001e8506e6db0 Thread exited: 0x000001e8506e6db0


Dynamic libraries:
0x00007ff637ff0000 - 0x00007ff637ffe000 	C:\Users\kj46573\.p2\pool\plugins\org.eclipse.justj.openjdk.hotspot.jre.full.win32.x86_64_22.0.1.v20240426-1149\jre\bin\javaw.exe
0x00007ff8857b0000 - 0x00007ff8859a8000 	C:\Windows\SYSTEM32\ntdll.dll
0x00007ff884f30000 - 0x00007ff884ff1000 	C:\Windows\System32\KERNEL32.DLL
0x00007ff882e60000 - 0x00007ff883156000 	C:\Windows\System32\KERNELBASE.dll
0x00007ff8833a0000 - 0x00007ff8834a0000 	C:\Windows\System32\ucrtbase.dll
0x00007ff87a730000 - 0x00007ff87a747000 	C:\Users\kj46573\.p2\pool\plugins\org.eclipse.justj.openjdk.hotspot.jre.full.win32.x86_64_22.0.1.v20240426-1149\jre\bin\jli.dll
0x00007ff87a750000 - 0x00007ff87a76b000 	C:\Users\kj46573\.p2\pool\plugins\org.eclipse.justj.openjdk.hotspot.jre.full.win32.x86_64_22.0.1.v20240426-1149\jre\bin\VCRUNTIME140.dll
0x00007ff884160000 - 0x00007ff8842ff000 	C:\Windows\System32\USER32.dll
0x00007ff8834a0000 - 0x00007ff8834c2000 	C:\Windows\System32\win32u.dll
0x00007ff86d630000 - 0x00007ff86d8ca000 	C:\Windows\WinSxS\amd64_microsoft.windows.common-controls_6595b64144ccf1df_6.0.19041.4355_none_60b8b9eb71f62e16\COMCTL32.dll
0x00007ff885740000 - 0x00007ff88576b000 	C:\Windows\System32\GDI32.dll
0x00007ff883560000 - 0x00007ff883677000 	C:\Windows\System32\gdi32full.dll
0x00007ff884de0000 - 0x00007ff884e7e000 	C:\Windows\System32\msvcrt.dll
0x00007ff8836f0000 - 0x00007ff88378d000 	C:\Windows\System32\msvcp_win.dll
0x00007ff884e80000 - 0x00007ff884eaf000 	C:\Windows\System32\IMM32.DLL
0x00007ff86c000000 - 0x00007ff86c00c000 	C:\Users\kj46573\.p2\pool\plugins\org.eclipse.justj.openjdk.hotspot.jre.full.win32.x86_64_22.0.1.v20240426-1149\jre\bin\vcruntime140_1.dll
0x00007ff85d060000 - 0x00007ff85d0ee000 	C:\Users\kj46573\.p2\pool\plugins\org.eclipse.justj.openjdk.hotspot.jre.full.win32.x86_64_22.0.1.v20240426-1149\jre\bin\msvcp140.dll
0x00007ff80f850000 - 0x00007ff810612000 	C:\Users\kj46573\.p2\pool\plugins\org.eclipse.justj.openjdk.hotspot.jre.full.win32.x86_64_22.0.1.v20240426-1149\jre\bin\server\jvm.dll
0x00007ff885630000 - 0x00007ff8856e0000 	C:\Windows\System32\ADVAPI32.dll
0x00007ff885590000 - 0x00007ff885630000 	C:\Windows\System32\sechost.dll
0x00007ff883fc0000 - 0x00007ff8840e3000 	C:\Windows\System32\RPCRT4.dll
0x00007ff883160000 - 0x00007ff883187000 	C:\Windows\System32\bcrypt.dll
0x00007ff884d70000 - 0x00007ff884ddb000 	C:\Windows\System32\WS2_32.dll
0x00007ff882750000 - 0x00007ff88279b000 	C:\Windows\SYSTEM32\POWRPROF.dll
0x00007ff8788d0000 - 0x00007ff8788f7000 	C:\Windows\SYSTEM32\WINMM.dll
0x00007ff87aaf0000 - 0x00007ff87aafa000 	C:\Windows\SYSTEM32\VERSION.dll
0x00007ff882730000 - 0x00007ff882742000 	C:\Windows\SYSTEM32\UMPDC.dll
0x00007ff8809d0000 - 0x00007ff8809e2000 	C:\Windows\SYSTEM32\kernel.appcore.dll
0x00007ff87f080000 - 0x00007ff87f08a000 	C:\Users\kj46573\.p2\pool\plugins\org.eclipse.justj.openjdk.hotspot.jre.full.win32.x86_64_22.0.1.v20240426-1149\jre\bin\jimage.dll
0x00007ff874b50000 - 0x00007ff874d34000 	C:\Windows\SYSTEM32\DBGHELP.DLL
0x00007ff866220000 - 0x00007ff866254000 	C:\Windows\SYSTEM32\dbgcore.DLL
0x00007ff8834d0000 - 0x00007ff883552000 	C:\Windows\System32\bcryptPrimitives.dll
0x00007ff85f910000 - 0x00007ff85f94c000 	C:\Users\kj46573\.p2\pool\plugins\org.eclipse.justj.openjdk.hotspot.jre.full.win32.x86_64_22.0.1.v20240426-1149\jre\bin\jdwp.dll
0x00007ff87daa0000 - 0x00007ff87daaf000 	C:\Users\kj46573\.p2\pool\plugins\org.eclipse.justj.openjdk.hotspot.jre.full.win32.x86_64_22.0.1.v20240426-1149\jre\bin\instrument.dll
0x00007ff87f040000 - 0x00007ff87f05e000 	C:\Users\kj46573\.p2\pool\plugins\org.eclipse.justj.openjdk.hotspot.jre.full.win32.x86_64_22.0.1.v20240426-1149\jre\bin\java.dll
0x00007ff883840000 - 0x00007ff883fac000 	C:\Windows\System32\SHELL32.dll
0x00007ff885000000 - 0x00007ff88512b000 	C:\Windows\System32\ole32.dll
0x00007ff884a10000 - 0x00007ff884d63000 	C:\Windows\System32\combase.dll
0x00007ff864f80000 - 0x00007ff864f97000 	C:\Users\kj46573\.p2\pool\plugins\org.eclipse.justj.openjdk.hotspot.jre.full.win32.x86_64_22.0.1.v20240426-1149\jre\bin\zip.dll
0x00007ff880bd0000 - 0x00007ff88136e000 	C:\Windows\SYSTEM32\windows.storage.dll
0x00007ff8827a0000 - 0x00007ff8827ce000 	C:\Windows\SYSTEM32\Wldp.dll
0x00007ff8851c0000 - 0x00007ff88528d000 	C:\Windows\System32\OLEAUT32.dll
0x00007ff884960000 - 0x00007ff884a0d000 	C:\Windows\System32\SHCORE.dll
0x00007ff8856e0000 - 0x00007ff885735000 	C:\Windows\System32\shlwapi.dll
0x00007ff882d90000 - 0x00007ff882db4000 	C:\Windows\SYSTEM32\profapi.dll
0x00007ff86c990000 - 0x00007ff86c99c000 	C:\Users\kj46573\.p2\pool\plugins\org.eclipse.justj.openjdk.hotspot.jre.full.win32.x86_64_22.0.1.v20240426-1149\jre\bin\dt_socket.dll
0x00007ff8821b0000 - 0x00007ff8821eb000 	C:\Windows\SYSTEM32\IPHLPAPI.DLL
0x00007ff8824b0000 - 0x00007ff88251a000 	C:\Windows\system32\mswsock.dll
0x00007ff8821f0000 - 0x00007ff8822ba000 	C:\Windows\SYSTEM32\DNSAPI.dll
0x00007ff883fb0000 - 0x00007ff883fb8000 	C:\Windows\System32\NSI.dll
0x00007ff87c5f0000 - 0x00007ff87c5fa000 	C:\Windows\System32\rasadhlp.dll
0x00007ff87bfb0000 - 0x00007ff87c030000 	C:\Windows\System32\fwpuclnt.dll
0x00007ff87f030000 - 0x00007ff87f040000 	C:\Users\kj46573\.p2\pool\plugins\org.eclipse.justj.openjdk.hotspot.jre.full.win32.x86_64_22.0.1.v20240426-1149\jre\bin\net.dll
0x00007ff864f60000 - 0x00007ff864f76000 	C:\Users\kj46573\.p2\pool\plugins\org.eclipse.justj.openjdk.hotspot.jre.full.win32.x86_64_22.0.1.v20240426-1149\jre\bin\nio.dll
0x00007ff87da90000 - 0x00007ff87daa0000 	C:\Users\kj46573\.p2\pool\plugins\org.eclipse.justj.openjdk.hotspot.jre.full.win32.x86_64_22.0.1.v20240426-1149\jre\bin\verify.dll
0x00007ff86b640000 - 0x00007ff86b64a000 	C:\Users\kj46573\.p2\pool\plugins\org.eclipse.justj.openjdk.hotspot.jre.full.win32.x86_64_22.0.1.v20240426-1149\jre\bin\management.dll
0x00007ff86b630000 - 0x00007ff86b63b000 	C:\Users\kj46573\.p2\pool\plugins\org.eclipse.justj.openjdk.hotspot.jre.full.win32.x86_64_22.0.1.v20240426-1149\jre\bin\management_ext.dll
0x00007ff8840f0000 - 0x00007ff8840f8000 	C:\Windows\System32\PSAPI.DLL
0x00007ff86ae00000 - 0x00007ff86ae0b000 	C:\Users\kj46573\.p2\pool\plugins\org.eclipse.justj.openjdk.hotspot.jre.full.win32.x86_64_22.0.1.v20240426-1149\jre\bin\le.dll
0x00007ff8827e0000 - 0x00007ff8827f8000 	C:\Windows\SYSTEM32\CRYPTSP.dll
0x00007ff881ce0000 - 0x00007ff881d14000 	C:\Windows\system32\rsaenh.dll
0x00007ff882d40000 - 0x00007ff882d6e000 	C:\Windows\SYSTEM32\USERENV.dll
0x00007ff8826a0000 - 0x00007ff8826ac000 	C:\Windows\SYSTEM32\CRYPTBASE.dll
0x00007ff86c880000 - 0x00007ff86c88e000 	C:\Users\kj46573\.p2\pool\plugins\org.eclipse.justj.openjdk.hotspot.jre.full.win32.x86_64_22.0.1.v20240426-1149\jre\bin\sunmscapi.dll
0x00007ff883240000 - 0x00007ff88339e000 	C:\Windows\System32\CRYPT32.dll
0x00007ff8828f0000 - 0x00007ff882919000 	C:\Windows\SYSTEM32\ncrypt.dll
0x00007ff8828b0000 - 0x00007ff8828eb000 	C:\Windows\SYSTEM32\NTASN1.dll

dbghelp: loaded successfully - version: 4.0.5 - missing functions: none
symbol engine: initialized successfully - sym options: 0x614 - pdb path: .;C:\Users\kj46573\.p2\pool\plugins\org.eclipse.justj.openjdk.hotspot.jre.full.win32.x86_64_22.0.1.v20240426-1149\jre\bin;C:\Windows\SYSTEM32;C:\Windows\WinSxS\amd64_microsoft.windows.common-controls_6595b64144ccf1df_6.0.19041.4355_none_60b8b9eb71f62e16;C:\Users\kj46573\.p2\pool\plugins\org.eclipse.justj.openjdk.hotspot.jre.full.win32.x86_64_22.0.1.v20240426-1149\jre\bin\server

VM Arguments:
jvm_args: -XX:+ShowCodeDetailsInExceptionMessages -agentlib:jdwp=transport=dt_socket,suspend=y,address=localhost:59910 -javaagent:C:\Users\kj46573\eclipse\jee-2024-06\eclipse\configuration\org.eclipse.osgi\448\0\.cp\lib\javaagent-shaded.jar -Dfile.encoding=UTF-8 -Dstdout.encoding=UTF-8 -Dstderr.encoding=UTF-8 
java_command: com.kj.yetanotherspringapp.YetAnotherSpringApplication
java_class_path (initial): C:\Users\kj46573\Desktop\yetanotherspringapp\bin\main;C:\Users\kj46573\.gradle\caches\modules-2\files-2.1\org.springframework.boot\spring-boot-starter-data-rest\3.1.4\9f6d142c9bf1691825a16331d03798574623045c\spring-boot-starter-data-rest-3.1.4.jar;C:\Users\kj46573\.gradle\caches\modules-2\files-2.1\org.springframework.boot\spring-boot-starter-web\3.1.4\a0da0751207173c93f9e92e74cae430b53544576\spring-boot-starter-web-3.1.4.jar;C:\Users\kj46573\.gradle\caches\modules-2\files-2.1\org.springframework.boot\spring-boot-starter-data-jpa\3.1.4\f01d5f2ecbfef3159879c4a8450b49620ffb96c\spring-boot-starter-data-jpa-3.1.4.jar;C:\Users\kj46573\.gradle\caches\modules-2\files-2.1\org.springframework.boot\spring-boot-starter-security\3.1.4\1c1ab40bcb9037a32b6f4dc9d48d705d9d0679fa\spring-boot-starter-security-3.1.4.jar;C:\Users\kj46573\.gradle\caches\modules-2\files-2.1\me.paulschwarz\spring-dotenv\4.0.0\e0180f80e685a9506d1942e6836a16dee050ebaf\spring-dotenv-4.0.0.jar;C:\Users\kj46573\.gradle\caches\modules-2\files-2.1\org.springdoc\springdoc-openapi-starter-webmvc-ui\2.0.2\264da79c9d4a53feab8c5c6d0e0cb143bd099d4\springdoc-openapi-starter-webmvc-ui-2.0.2.jar;C:\Users\kj46573\.gradle\caches\modules-2\files-2.1\io.jsonwebtoken\jjwt-api\0.11.5\f742940045619d06383e7df37b21ac422b476cf1\jjwt-api-0.11.5.jar;C:\Users\kj46573\.gradle\caches\modules-2\files-2.1\org.springframework.boot\spring-boot-starter-json\3.1.4\2dafafeb1ca78678a970947c51def69723c7442c\spring-boot-starter-json-3.1.4.jar;C:\Users\kj46573\.gradle\caches\modules-2\files-2.1\org.springframework.boot\spring-boot-starter-aop\3.1.4\1842a0506c99583b5ce11525cbd3d52e719a3f8\spring-boot-starter-aop-3.1.4.jar;C:\Users\kj46573\.gradle\caches\modules-2\files-2.1\org.springframework.boot\spring-boot-starter-jdbc\3.1.4\d1c52a3392180c7925d32e5594a873db6c72239b\spring-boot-starter-jdbc-3.1.4.jar;C:\Users\kj46573\.gradle\caches\modules-2\files-2.1\org.springframework.boot\spring-boot-starter\3.1.4\8a615e53a9f45eecc4821917b1423daa68afcf19\spring-boot-starter-3.1.4.jar;C:\Users\kj46573\.gradle\caches\modules-2\files-2.1\org.springframework.boot\spring-boot-starter-tomcat\3.1.4\b8f55488574671d085f8d31c137c6f6d8d79cc24\spring-boot-starter-tomcat-3.1.4.jar;C:\Users\kj46573\.gradle\caches\modules-2\files-2.1\org.springframework.data\spring-data-rest-webmvc\4.1.4\f4f52725eb4d90de1e2267b38aa4b46991ae3d6d\spring-data-rest-webmvc-4.1.4.jar;C:\Users\kj46573\.gradle\caches\modules-2\files-2.1\org.springdoc\springdoc-openapi-starter-webmvc-api\2.0.2\479a5cd03969a22d9f8b819ef92c54433e08034a\springdoc-openapi-starter-webmvc-api-2.0.2.jar;C:\Users\kj46573\.gradle\caches\modules-2\files-2.1\org.springframework\spring-webmvc\6.0.12\c7cf897d23da555a20e570d170f8f1541b04564d\spring-webmvc-6.0.12.jar;C:\Users\kj46573\.gradle\caches\modules-2\files-2.1\org.springframework.security\spring-security-web\6.1.4\74695832c5ae5d1e2f363ae4b7e92aaaa2c13cbb\spring-security-web-6.1.4.jar;C:\Users\kj46573\.gradle\caches\modules-2\files-2.1\org.springframework.data\spring-data-rest-core\4.1.4\46a95d389580eb2a187aff688ae4ae5ecf557c17\spring-data-rest-core-4.1.4.jar;C:\Users\kj46573\.gradle\caches\modules-2\files-2.1\org.springframework.hateoas\spring-hateoas\2.1.2\480db81d13c77ceebb00350744303cd2effe2d2d\spring-hateoas-2.1.2.jar;C:\Users\kj46573\.gradle\caches\modules-2\files-2.1\org.springframework\spring-web\6.0.12\89a20bbd7c1f973dc246b1d790b34e0b3e28e74d\spring-web-6.0.12.jar;C:\Users\kj46573\.gradle\caches\modules-2\files-2.1\org.hibernate.orm\hibernate-core\6.2.9.Final\a24ca4a5c003b6d0d9e005c6226f84cf4169bfeb\hibernate-core-6.2.9.Final.jar;C:\Users\kj46573\.gradle\caches\modules-2\files-2.1\org.springframework.data\spring-data-jpa\3.1.4\c51bbed97c35a0c6abced4854db85a5a5b216540\spring-data-jpa-3.1.4.jar;C:\Users\kj46573\.gradle\caches\modules-2\files-2.1\org.springframework\spring-aspects\6.0.12\f9f903318add53a20c0e33ead1b16abd669543f7\spring-aspects-6.0.12.jar;C:\Users\kj46573\.gradle\caches\modules-2\files-2.1\org.springframework.security\spring-security-config\6.1.4\912305160277572d89e2378f59eb1a4275d81c0c\spring-security-config-6.1.4.jar;C:\Users\kj46573\.gradle\caches\modules-2\files-2.1\org.springdoc\springdoc-openapi-starter-common\2.0.2\5f668e69d620c56db3ba9689d48d6b64e42235b9\springdoc-openapi-starter-common-2.0.2.jar;C:\Users\kj46573\.gradle\caches\modules-2\files-2.1\org.springframework.boot\spring-boot-autoconfigure\3.1.4\ae53253f6330787f8b77a13aa90d6514597a20d0\spring-boot-autoconfigure-3.1.4.jar;C:\Users\kj46573\.gradle\caches\modules-2\files-2.1\org.springframework.boot\spring-boot\3.1.4\7a0a6349e28227a93f2b4efde897e87b3343bf3a\spring-boot-3.1.4.jar;C:\Users\kj46573\.gradle\caches\modules-2\files-2.1\org.springframework.security\spring-security-core\6.1.4\dd128f5478ae7856d61a17f8bd65adab02b99400\spring-security-core-6.1.4.jar;C:\Users\kj46573\.gradle\caches\modules-2\files-2.1\org.springframework.plugin\spring-plugin-core\3.0.0\d56aa02dd7272dca30aa598dc8b72e823227046a\spring-plugin-core-3.0.0.jar;C:\Users\kj46573\.gradle\caches\modules-2\files-2.1\org.springframework\spring-context\6.0.12\f1964518e07796b2fdc1b9be2108485ffe1b4566\spring-context-6.0.12.jar;C:\Users\kj46573\.gradle\caches\modules-2\files-2.1\org.springframework\spring-aop\6.0.12\ba7ecdbdc2abaf172d49692b8110f65ecd2d250c\spring-aop-6.0.12.jar;C:\Users\kj46573\.gradle\caches\modules-2\files-2.1\org.webjars\swagger-ui\4.15.5\fc283d7a6d93c58fb466766eef4b8110c57639ea\swagger-ui-4.15.5.jar;C:\Users\kj46573\.gradle\caches\modules-2\files-2.1\org.webjars\webjars-locator-core\0.52\f219134c6b8d4aebfea70f135b2f80dc2794253f\webjars-locator-core-0.52.jar;C:\Users\kj46573\.gradle\caches\modules-2\files-2.1\io.github.classgraph\classgraph\4.8.149\4bc2f188bc9001473d4a26ac488c2ae1a3e906de\classgraph-4.8.149.jar;C:\Users\kj46573\.gradle\caches\modules-2\files-2.1\org.springframework.boot\spring-boot-starter-logging\3.1.4\e3533d7b6e2e9b5ca9b05dce2a9a2504aad5b889\spring-boot-starter-logging-3.1.4.jar;C:\Users\kj46573\.gradle\caches\modules-2\files-2.1\jakarta.annotation\jakarta.annotation-api\2.1.1\48b9bda22b091b1f48b13af03fe36db3be6e1ae3\jakarta.annotation-api-2.1.1.jar;C:\Users\kj46573\.gradle\caches\modules-2\files-2.1\org.springframework\spring-orm\6.0.12\174d73f69d878fd7ddeef9a25213d8932692a768\spring-orm-6.0.12.jar;C:\Users\kj46573\.gradle\caches\modules-2\files-2.1\org.springframework\spring-jdbc\6.0.12\cf14ce5078ab4b69b760ac91b2b9f23dab1e4457\spring-jdbc-6.0.12.jar;C:\Users\kj46573\.gradle\caches\modules-2\files-2.1\org.springframework.data\spring-data-commons\3.1.4\7b16d91221c7f9492f63a99e97a1d907f6bf540c\spring-data-commons-3.1.4.jar;C:\Users\kj46573\.gradle\caches\modules-2\files-2.1\org.springframework\spring-tx\6.0.12\b4e997baac7dd14593f3e4f815e3646279e9a63f\spring-tx-6.0.12.jar;C:\Users\kj46573\.gradle\caches\modules-2\files-2.1\org.springframework\spring-beans\6.0.12\dfa53afbf1ab65f36c60333443ed1109ed331504\spring-beans-6.0.12.jar;C:\Users\kj46573\.gradle\caches\modules-2\files-2.1\org.springframework\spring-expression\6.0.12\9283ad418f06f918e834b1981998a5f62a05b355\spring-expression-6.0.12.jar;C:\Users\kj46573\.gradle\caches\modules-2\files-2.1\org.springframework\spring-core\6.0.12\a55e70359371b03ee29dacd75c3b40d0baf3a656\spring-core-6.0.12.jar;C:\Users\kj46573\.gradle\caches\modules-2\files-2.1\io.swagger.core.v3\swagger-core-jakarta\2.2.7\9111d85fc116ad6ec9d5f6f54edf81c2740e52\swagger-core-jakarta-2.2.7.jar;C:\Users\kj46573\.gradle\caches\modules-2\files-2.1\com.fasterxml.jackson.datatype\jackson-datatype-jdk8\2.15.2\66a50e089cfd2f93896b9b6f7a734cea7bcf2f31\jackson-datatype-jdk8-2.15.2.jar;C:\Users\kj46573\.gradle\caches\modules-2\files-2.1\com.fasterxml.jackson.datatype\jackson-datatype-jsr310\2.15.2\30d16ec2aef6d8094c5e2dce1d95034ca8b6cb42\jackson-datatype-jsr310-2.15.2.jar;C:\Users\kj46573\.gradle\caches\modules-2\files-2.1\com.fasterxml.jackson.module\jackson-module-parameter-names\2.15.2\75f8d2788db20f6c587c7a19e94fb6248c314241\jackson-module-parameter-names-2.15.2.jar;C:\Users\kj46573\.gradle\caches\modules-2\files-2.1\com.fasterxml.jackson.core\jackson-databind\2.15.2\9353b021f10c307c00328f52090de2bdb4b6ff9c\jackson-databind-2.15.2.jar;C:\Users\kj46573\.gradle\caches\modules-2\files-2.1\io.swagger.core.v3\swagger-models-jakarta\2.2.7\b26a24f51b009fe77a0b4b4f67738a60aaff1aa2\swagger-models-jakarta-2.2.7.jar;C:\Users\kj46573\.gradle\caches\modules-2\files-2.1\com.fasterxml.jackson.core\jackson-annotations\2.15.2\4724a65ac8e8d156a24898d50fd5dbd3642870b8\jackson-annotations-2.15.2.jar;C:\Users\kj46573\.gradle\caches\modules-2\files-2.1\com.fasterxml.jackson.core\jackson-core\2.15.2\a6fe1836469a69b3ff66037c324d75fc66ef137c\jackson-core-2.15.2.jar;C:\Users\kj46573\.gradle\caches\modules-2\files-2.1\com.fasterxml.jackson.dataformat\jackson-dataformat-yaml\2.15.2\58194ff9f51915ad6bf6b6f24818232d7566418a\jackson-dataformat-yaml-2.15.2.jar;C:\Users\kj46573\.gradle\caches\modules-2\files-2.1\org.yaml\snakeyaml\1.33\2cd0a87ff7df953f810c344bdf2fe3340b954c69\snakeyaml-1.33.jar;C:\Users\kj46573\.gradle\caches\modules-2\files-2.1\org.apache.tomcat.embed\tomcat-embed-websocket\10.1.13\540a79df9699435e4f7cb8983daab272d29d093f\tomcat-embed-websocket-10.1.13.jar;C:\Users\kj46573\.gradle\caches\modules-2\files-2.1\org.apache.tomcat.embed\tomcat-embed-core\10.1.13\6909967f2ed6c323108c2cc7f20586d6f7eb6455\tomcat-embed-core-10.1.13.jar;C:\Users\kj46573\.gradle\caches\modules-2\files-2.1\org.apache.tomcat.embed\tomcat-embed-el\10.1.13\22c8845f7528334905c582e48a3eeefab616b0a5\tomcat-embed-el-10.1.13.jar;C:\Users\kj46573\.gradle\caches\modules-2\files-2.1\io.micrometer\micrometer-observation\1.11.4\1aa2f6ba1dae42c403543bd14ea5f302d7ed6d85\micrometer-observation-1.11.4.jar;C:\Users\kj46573\.gradle\caches\modules-2\files-2.1\org.aspectj\aspectjweaver\1.9.20\da562407e43f74c0f8f5f5df4065d85ec1736d01\aspectjweaver-1.9.20.jar;C:\Users\kj46573\.gradle\caches\modules-2\files-2.1\com.zaxxer\HikariCP\5.0.1\a74c7f0a37046846e88d54f7cb6ea6d565c65f9c\HikariCP-5.0.1.jar;C:\Users\kj46573\.gradle\caches\modules-2\files-2.1\jakarta.persistence\jakarta.persistence-api\3.1.0\66901fa1c373c6aff65c13791cc11da72060a8d6\jakarta.persistence-api-3.1.0.jar;C:\Users\kj46573\.gradle\caches\modules-2\files-2.1\jakarta.transaction\jakarta.transaction-api\2.0.1\51a520e3fae406abb84e2e1148e6746ce3f80a1a\jakarta.transaction-api-2.0.1.jar;C:\Users\kj46573\.gradle\caches\modules-2\files-2.1\org.antlr\antlr4-runtime\4.10.1\10839f875928f59c622d675091d51a43ea0dc5f7\antlr4-runtime-4.10.1.jar;C:\Users\kj46573\.gradle\caches\modules-2\files-2.1\ch.qos.logback\logback-classic\1.4.11\54450c0c783e896a1a6d88c043bd2f1daba1c382\logback-classic-1.4.11.jar;C:\Users\kj46573\.gradle\caches\modules-2\files-2.1\org.apache.logging.log4j\log4j-to-slf4j\2.20.0\d37f81f8978e2672bc32c82712ab4b3f66624adc\log4j-to-slf4j-2.20.0.jar;C:\Users\kj46573\.gradle\caches\modules-2\files-2.1\org.slf4j\jul-to-slf4j\2.0.9\9ef7c70b248185845f013f49a33ff9ca65b7975\jul-to-slf4j-2.0.9.jar;C:\Users\kj46573\.gradle\caches\modules-2\files-2.1\org.slf4j\slf4j-api\2.0.9\7cf2726fdcfbc8610f9a71fb3ed639871f315340\slf4j-api-2.0.9.jar;C:\Users\kj46573\.gradle\caches\modules-2\files-2.1\org.springframework\spring-jcl\6.0.12\44a1d1d105063d4eb9c5dc705245ef6fa4162520\spring-jcl-6.0.12.jar;C:\Users\kj46573\.gradle\caches\modules-2\files-2.1\io.micrometer\micrometer-commons\1.11.4\6dfbbc07ecad294bffacff0648d6eaa4de78f332\micrometer-commons-1.11.4.jar;C:\Users\kj46573\.gradle\caches\modules-2\files-2.1\org.atteo\evo-inflector\1.3\4cf8b5f363c60e63f8b7688ac053590460f2768e\evo-inflector-1.3.jar;C:\Users\kj46573\.gradle\caches\modules-2\files-2.1\org.springframework.security\spring-security-crypto\6.1.4\cc64beef9eb38993b6c3d46a633bef25700742e\spring-security-crypto-6.1.4.jar;C:\Users\kj46573\.gradle\caches\modules-2\files-2.1\ch.qos.logback\logback-core\1.4.11\2f9f280219a9922a74200eaf7138c4c17fb87c0f\logback-core-1.4.11.jar;C:\Users\kj46573\.gradle\caches\modules-2\files-2.1\org.apache.logging.log4j\log4j-api\2.20.0\1fe6082e660daf07c689a89c94dc0f49c26b44bb\log4j-api-2.20.0.jar;C:\Users\kj46573\.gradle\caches\modules-2\files-2.1\com.jayway.jsonpath\json-path\2.8.0\b4ab3b7a9e425655a0ca65487bbbd6d7ddb75160\json-path-2.8.0.jar;C:\Users\kj46573\.gradle\caches\modules-2\files-2.1\org.apache.commons\commons-lang3\3.12.0\c6842c86792ff03b9f1d1fe2aab8dc23aa6c6f0e\commons-lang3-3.12.0.jar;C:\Users\kj46573\.gradle\caches\modules-2\files-2.1\io.swagger.core.v3\swagger-annotations-jakarta\2.2.7\1629437bff242e019f5fbac9b27dddd6df47a23b\swagger-annotations-jakarta-2.2.7.jar;C:\Users\kj46573\.gradle\caches\modules-2\files-2.1\jakarta.xml.bind\jakarta.xml.bind-api\4.0.1\ca2330866cbc624c7e5ce982e121db1125d23e15\jakarta.xml.bind-api-4.0.1.jar;C:\Users\kj46573\.gradle\caches\modules-2\files-2.1\jakarta.validation\jakarta.validation-api\3.0.2\92b6631659ba35ca09e44874d3eb936edfeee532\jakarta.validation-api-3.0.2.jar;C:\Users\kj46573\.gradle\caches\modules-2\files-2.1\jakarta.activation\jakarta.activation-api\2.1.2\640c0d5aff45dbff1e1a1bc09673ff3a02b1ba12\jakarta.activation-api-2.1.2.jar;C:\Users\kj46573\.gradle\caches\modules-2\files-2.1\org.springframework.boot\spring-boot-devtools\3.1.4\41aad5bafdbcc2a5a07db8f937991f40fd8928f9\spring-boot-devtools-3.1.4.jar;C:\Users\kj46573\.gradle\caches\modules-2\files-2.1\io.jsonwebtoken\jjwt-impl\0.11.5\40a599f0e8a8e4e0701596fbb15e67bfda64fdf0\jjwt-impl-0.11.5.jar;C:\Users\kj46573\.gradle\caches\modules-2\files-2.1\io.jsonwebtoken\jjwt-jackson\0.11.5\3b83a06809e98a69402d7333dcf67df6f6ea4579\jjwt-jackson-0.11.5.jar;C:\Users\kj46573\.gradle\caches\modules-2\files-2.1\org.mariadb.jdbc\mariadb-java-client\3.1.4\7f66d1f5afcacdb11ba34d2614933a206afbcff2\mariadb-java-client-3.1.4.jar;C:\Users\kj46573\.gradle\caches\modules-2\files-2.1\io.github.cdimascio\dotenv-java\3.0.0\f535c5df8b98575eabb2820e548f5ba8a987fe69\dotenv-java-3.0.0.jar;C:\Users\kj46573\.gradle\caches\modules-2\files-2.1\com.github.waffle\waffle-jna\3.2.0\6ac5882dea3a15575237ef5d1793c51279ae1335\waffle-jna-3.2.0.jar;C:\Users\kj46573\.gradle\caches\modules-2\files-2.1\org.jboss.logging\jboss-logging\3.5.3.Final\c88fc1d8a96d4c3491f55d4317458ccad53ca663\jboss-logging-3.5.3.Final.jar;C:\Users\kj46573\.gradle\caches\modules-2\files-2.1\org.hibernate.common\hibernate-commons-annotations\6.0.6.Final\77a5f94b56d49508e0ee334751db5b78e5ccd50c\hibernate-commons-annotations-6.0.6.Final.jar;C:\Users\kj46573\.gradle\caches\modules-2\files-2.1\io.smallrye\jandex\3.0.5\c548a4871b552292dbdd65409d3fda145c8925c1\jandex-3.0.5.jar;C:\Users\kj46573\.gradle\caches\modules-2\files-2.1\com.fasterxml\classmate\1.5.1\3fe0bed568c62df5e89f4f174c101eab25345b6c\classmate-1.5.1.jar;C:\Users\kj46573\.gradle\caches\modules-2\files-2.1\net.bytebuddy\byte-buddy\1.14.8\505d7d8937ff00cc55db79723e26c94069b87d66\byte-buddy-1.14.8.jar;C:\Users\kj46573\.gradle\caches\modules-2\files-2.1\org.glassfish.jaxb\jaxb-runtime\4.0.3\93af25be25b2c92c83e0ce61cb8b3ed23568f316\jaxb-runtime-4.0.3.jar;C:\Users\kj46573\.gradle\caches\modules-2\files-2.1\org.glassfish.jaxb\jaxb-core\4.0.3\e9093b4a82069a1d78ee9a3233ca387bca88861f\jaxb-core-4.0.3.jar;C:\Users\kj46573\.gradle\caches\modules-2\files-2.1\jakarta.inject\jakarta.inject-api\2.0.1\4c28afe1991a941d7702fe1362c365f0a8641d1e\jakarta.inject-api-2.0.1.jar;C:\Users\kj46573\.gradle\caches\modules-2\files-2.1\org.slf4j\jcl-over-slf4j\2.0.9\89eb336cf1183ce075253c7c3788aa196d56f71a\jcl-over-slf4j-2.0.9.jar;C:\Users\kj46573\.gradle\caches\modules-2\files-2.1\net.java.dev.jna\jna-platform\5.12.1\97406a297c852f4a41e688a176ec675f72e8329\jna-platform-5.12.1.jar;C:\Users\kj46573\.gradle\caches\modules-2\files-2.1\net.java.dev.jna\jna\5.12.1\b1e93a735caea94f503e95e6fe79bf9cdc1e985d\jna-5.12.1.jar;C:\Users\kj46573\.gradle\caches\modules-2\files-2.1\com.github.ben-manes.caffeine\caffeine\3.1.8\24795585df8afaf70a2cd534786904ea5889c047\caffeine-3.1.8.jar;C:\Users\kj46573\.gradle\caches\modules-2\files-2.1\org.checkerframework\checker-qual\3.37.0\ba74746d38026581c12166e164bb3c15e90cc4ea\checker-qual-3.37.0.jar;C:\Users\kj46573\.gradle\caches\modules-2\files-2.1\org.eclipse.angus\angus-activation\2.0.1\eaafaf4eb71b400e4136fc3a286f50e34a68ecb7\angus-activation-2.0.1.jar;C:\Users\kj46573\.gradle\caches\modules-2\files-2.1\com.google.errorprone\error_prone_annotations\2.21.1\6d9b10773b5237df178a7b3c1b4208df7d0e7f94\error_prone_annotations-2.21.1.jar;C:\Users\kj46573\.gradle\caches\modules-2\files-2.1\org.glassfish.jaxb\txw2\4.0.3\47b8fe31c6d1a3382203af919400527389e01e9c\txw2-4.0.3.jar;C:\Users\kj46573\.gradle\caches\modules-2\files-2.1\com.sun.istack\istack-commons-runtime\4.1.2\18ec117c85f3ba0ac65409136afa8e42bc74e739\istack-commons-runtime-4.1.2.jar;C:\Users\kj46573\.gradle\caches\modules-2\files-2.1\net.minidev\json-smart\2.4.11\cc5888f14a5768f254b97bafe8b9fd29b31e872e\json-smart-2.4.11.jar;C:\Users\kj46573\.gradle\caches\modules-2\files-2.1\net.minidev\accessors-smart\2.4.11\245ceca7bdf3190fbb977045c852d5f3c8efece1\accessors-smart-2.4.11.jar;C:\Users\kj46573\.gradle\caches\modules-2\files-2.1\org.ow2.asm\asm\9.3\8e6300ef51c1d801a7ed62d07cd221aca3a90640\asm-9.3.jar
Launcher Type: SUN_STANDARD

[Global flags]
     intx CICompilerCount                          = 4                                         {product} {ergonomic}
     uint ConcGCThreads                            = 3                                         {product} {ergonomic}
     uint G1ConcRefinementThreads                  = 10                                        {product} {ergonomic}
   size_t G1HeapRegionSize                         = 2097152                                   {product} {ergonomic}
   size_t InitialHeapSize                          = 268435456                                 {product} {ergonomic}
   size_t MarkStackSize                            = 4194304                                   {product} {ergonomic}
   size_t MaxHeapSize                              = 4271898624                                {product} {ergonomic}
   size_t MaxNewSize                               = 2562719744                                {product} {ergonomic}
   size_t MinHeapDeltaBytes                        = 2097152                                   {product} {ergonomic}
   size_t MinHeapSize                              = 8388608                                   {product} {ergonomic}
    uintx NonNMethodCodeHeapSize                   = 5839372                                {pd product} {ergonomic}
    uintx NonProfiledCodeHeapSize                  = 122909434                              {pd product} {ergonomic}
    uintx ProfiledCodeHeapSize                     = 122909434                              {pd product} {ergonomic}
    uintx ReservedCodeCacheSize                    = 251658240                              {pd product} {ergonomic}
     bool SegmentedCodeCache                       = true                                      {product} {ergonomic}
     bool ShowCodeDetailsInExceptionMessages       = true                                   {manageable} {command line}
   size_t SoftMaxHeapSize                          = 4271898624                             {manageable} {ergonomic}
     bool UseCompressedOops                        = true                           {product lp64_product} {ergonomic}
     bool UseG1GC                                  = true                                      {product} {ergonomic}
     bool UseLargePagesIndividualAllocation        = false                                  {pd product} {ergonomic}

Logging:
Log output configuration:
 #0: stdout all=warning uptime,level,tags foldmultilines=false
 #1: stderr all=off uptime,level,tags foldmultilines=false

Environment Variables:
PATH=C:\Users\kj46573\.p2\pool\plugins\org.eclipse.justj.openjdk.hotspot.jre.full.win32.x86_64_22.0.1.v20240426-1149\jre\bin;C:/Users/kj46573/.p2/pool/plugins/org.eclipse.justj.openjdk.hotspot.jre.full.win32.x86_64_22.0.1.v20240426-1149/jre/bin/server;C:/Users/kj46573/.p2/pool/plugins/org.eclipse.justj.openjdk.hotspot.jre.full.win32.x86_64_22.0.1.v20240426-1149/jre/bin;C:\Program Files\Eclipse Adoptium\jdk-17.0.12.7-hotspot\bin;C:\Program Files\NVIDIA GPU Computing Toolkit\CUDA\v12.1\bin;C:\Program Files\NVIDIA GPU Computing Toolkit\CUDA\v12.1\libnvvp;C:\Program Files\Common Files\Oracle\Java\javapath;C:\Python310\Scripts\;C:\Python310\;C:\Windows\system32;C:\Windows;C:\Windows\System32\Wbem;C:\Windows\System32\WindowsPowerShell\v1.0\;C:\Windows\System32\OpenSSH\;C:\Program Files\NVIDIA Corporation\NVIDIA NvDLISR;C:\Program Files\dotnet\;C:\Program Files\Microsoft SQL Server\150\Tools\Binn\;C:\Program Files\Microsoft SQL Server\Client SDK\ODBC\170\Tools\Binn\;C:\Program Files\CMake\bin;C:\ProgramData\chocolatey\bin;C:\Program Files\Java\jdk-17.0.5\bin;C:\Program Files\Git\cmd;C:\Users\kj46573\AppData\Roaming\nvm;C:\Program Files\nodejs;C:\Program Files (x86)\NVIDIA Corporation\PhysX\Common;C:\Program Files\NVIDIA Corporation\Nsight Compute 2023.1.0\;c:\program files (x86)\iracing\d3dgear;C:\Program Files (x86)\ZeroTier\One\;;C:\Program Files (x86)\STMicroelectronics\STM32 ST-LINK Utility\ST-LINK Utility;;C:\Program Files\Mullvad VPN\resources;C:\Program Files\Calibre2\;C:\TDM-GCC-64\bin;C:\Program Files\Docker\Docker\resources\bin;C:\Users\kj46573\AppData\Local\Programs\Python\Python311\Scripts\;C:\Users\kj46573\AppData\Local\Programs\Python\Python311\;C:\Users\kj46573\AppData\Local\Programs\Python\Launcher\;C:\Users\kj46573\AppData\Local\Microsoft\WindowsApps;C:\Users\kj46573\AppData\Local\Programs\Microsoft VS Code\bin;C:\Users\kj46573\AppData\Roaming\nvm;C:\Program Files\nodejs;C:\Users\kj46573\AppData\Roaming\npm;C:\Users\kj46573\.dotnet\tools;C:\Program Files\JetBrains\IntelliJ IDEA Community Edition 2023.3.6\bin;;C:\Users\kj46573\eclipse\jee-2024-06\eclipse;
USERNAME=kj46573
OS=Windows_NT
PROCESSOR_IDENTIFIER=AMD64 Family 25 Model 33 Stepping 2, AuthenticAMD
TMP=C:\Users\kj46573\AppData\Local\Temp
TEMP=C:\Users\kj46573\AppData\Local\Temp




Periodic native trim disabled

---------------  S Y S T E M  ---------------

OS:
 Windows 10 , 64 bit Build 19041 (10.0.19041.4597)
OS uptime: 0 days 2:10 hours
Hyper-V role detected

CPU: total 12 (initial active 12) (12 cores per cpu, 2 threads per core) family 25 model 33 stepping 2 microcode 0x0, cx8, cmov, fxsr, ht, mmx, 3dnowpref, sse, sse2, sse3, ssse3, sse4a, sse4.1, sse4.2, popcnt, lzcnt, tsc, tscinvbit, avx, avx2, aes, erms, clmul, bmi1, bmi2, adx, sha, fma, vzeroupper, clflush, clflushopt, hv, rdtscp, rdpid, fsrm, f16c, cet_ss
Processor Information for all 12 processors :
  Max Mhz: 3701, Current Mhz: 3701, Mhz Limit: 3701

Memory: 4k page, system-wide physical 16288M (6402M free)
TotalPageFile size 27552M (AvailPageFile size 11542M)
current process WorkingSet (physical memory assigned to process): 190M, peak: 305M
current process commit charge ("private bytes"): 235M, peak: 412M

vm_info: OpenJDK 64-Bit Server VM (22.0.1+8) for windows-amd64 JRE (22.0.1+8), built on 2024-04-16T00:00:00Z by "admin" with MS VC++ 17.7 (VS2022)

END.
